[    0.000000]nializing cgrou subsys cpuset
[    0.00000] Initializing cgroup subsys cpu
[    0.000000] Initializing cgroup subsys cpuacct
[    0.000000] Linux version 4.4.0-119-generic (buildd@lcy01-amd64-013) (gcc version 5.4.0 20160609 (Ubuntu 5.4.0-6ubuntu1~16.04.9) ) #143-Ubuntu SMP Mon Apr 2 16:08:24 UTC208 Ubntu 4.4.0-119.143-generic 4.4.114)
[    0.000000] Command line: BOOT_IMAGE=/boot/vmlinuz-4.4.0-119-generic root=LABEL=cloudimg-rootfs ro console=tty1 console=ttyS0
[    0.000000] KERNEL supported cpus:
[    0.000000]   Intel GenuineIntel
[    0.000000]   AMD AuthenticAMD
[    0.000000]   Centaur CentaurHauls
[    0.000000] x86/fpu: xstate_offset[2]:  576, xstate_sizes[2]:  256
[    0.000000] x86/fpu: Supporting XSAVE feature 0x01: 'x87 floating point registers'
[    0.000000] x86/fpu: Supporting XSAVE feature 0x02: 'SSregisters'
[    0.000000] x6/u:Supporting XSAVE feature 0x04: 'AVX registers'
[    0.000000] x86/fpu: Enabled xstate features 0x7, context size is 832 bytes, using 'standard' format.
[    0.000000] x86/fpu: Using 'lazy' FPU context sites.
[    0.00000] e820:BI-providd yscal RAM map:
[    0.000000] BIOS-e820: [mem 0x00000000000000000x000000000009fbff] usable
[    0.000000] BIOS-e20 [mem 0x000000000009fc00-0x00000000009fff] reserved
[    0.000000] BIOS-e820: [mem 0x00000000000f0000-0x00000000000fffff] reserved
[    0.000000] BIOS-e820: [mem 0x0000000000100000-0x000000003ffeffff] usable
[    0.000000] BIOS-e820: [mem 0x000000003fff0000-0x000000003fffffff] ACPI data
[    0.000000] BIOS-e820: [mem 0x00000000fec00000-0x00000000fec00fff] reserved
[    0.000000] BIOS-e820: [mem 0x00000000fee00000-0x00000000fee00fff] reserve
  0.0000 BIOS-e820: [mem 0x00000000fffc0000-0x00000000ffffffff] reserved
[    0.000000] NX (Execute Disable) protection: active
[    0.000000] SMBIOS 2.5 present.
[    0.000000] Hypervisor detected: KVM
[    0.000000] e820: last_pfn = 0xfff0 max_arch_pfn = 0x4000000
[    0.000000] MTRR: Disabled
[    0.000000] x86/PAT: MTRRs disabled, skipping PAT initialization too.
[    0.000000]CPMTRRs all blank - virtualized system.
[    0.000000] x86/PAT: Configatn [0-7]: WB  WT C-C  WB T UC- UC  
[   .000] ound SMP MP-table at [mem 0x000ff-0x0009ffff] mapped at [ffff88000009fff0]
[    0.000000] Scanning 1 areas for low memory corruption
[    0.000000] RAMDISK: [mem 0x36aae000-0x3754efff]
[    0.000000] ACPI: Early table checksum verification disabled
[    0.000000] ACPI: RSDP 0x00000000000E0000 000024 (v02 VBOX  )
[    0.000000] ACPI: XSDT 0x000000003FFF0030 00003C (v01 VBOX   VBOXXSDT 00000001 ASL  00000061)
[    0.000000] ACPI: FACP 0x000000003FFF00F0 0000F4 (v04 VBOX   VBOXFCP00000001 ASL  00000061)
[    0.000000] ACPI: DSDT 0x000000003FF0470 0021FF (v02 VBOX   VBOXBIOS 00000002 INTL 20160108)
[   .00000] ACPI: FACS 0x000000003FFF0200 000040
[    0.000000] ACPI: FACS 0x000000003FFF0200 000040
[    0.000000] ACPI: APIC 0x000000003FFF0240 00005C (v02 VBOX   VBOXAPIC 00000001 ASL  00000061)
[    0.000000] ACPI: SSDT 0x000000003FFF02A0 0001CC (v01 VBOX   VBOXCPUT 00000002 INTL 20160108)
[    0.000000] No NUMA configuration found
[   .000000] Faking a node at [mem 0x0000000000000000-0x000000003ffeffff]
[    0.000000] NODE_DATA(0) allocated [mem 0x3ffeb000-0x3ffeffff]
[    0.000000] kvm-clock: Using msrs 4b564d01 and 4b564d00
[    0.000000] kvm-clock: cpu 0, msr 0:3ffe3001, primary cpu clock
[    0.000000] kvm-clock: using sched offset of 3186088512 cycles
[    0.000000] clocksource: kvm-clock: mask: 0xffffffffffffffff max_cycles: 0x1cd42e4dffb, max_idle_ns: 881590591483 ns
[    0.000000] Zone ranges:
[    0.000000]   DMA      [mem 0x0000000000001000-0x0000000000ffffff]
[    0.000000]   DMA32    [mem 0x0000000001000000-0x000000003ffeffff]
[    0.000000]   Normal   empty
[    0.000000]   Device   empty
[    0.000000] Movable zone start for each node
[    0.000000] Early memory node ranges
[    0.000000]   node   0: [mem 0x0000000000001000-0x000000000009efff]
[    0.000000]   node   0: [mem 0x0000000000100000-0x000000003ffeffff]
[    0.000000] Initmem setup node 0 [mem 0x0000000000001000-0x000000003ffeffff]
[    0.000000] ACPI: PM-Timer IO Port: 0x4008
[    0.000000 IAPC[]: apic_id 2, version 32, address 0xfec00000, GSI 0-23
[    0.000000] ACPI: INT_SRC_OVR (bus 0 bus_irq 0 global_irq 2 dfl dfl)
[   .000000] ACPI: INT_SRC_OVR (bus 0 bus_irq 9 global_irq 9 low level)
[    0.000000] Using ACPI (MADT) for SMP configuration information
[    0.000000] smpboot: Allowing 2 CPUs, 0 hotplug CPUs
[    0.000000] PM: Registered nosave memory: [mem 0x00000000-0x00000fff]
[    0.000000] PM: Registered nosave memory: [mem 0x0009f000-0x0009ffff]
[    0.000000] PM: Registered nosave memory: [mem 0x000a0000-0x000effff]
[    0.000000] PM: Registered nosave memory: [mem 0x000f0000-0x000fffff]
[    0.000000] e820: [mem 0x40000000-0xfebfffff] available for PCI devices
[    0.000000] Booting paravirtualized kernel on KVM
[    0.000000] clocksource: refined-jiffies: mask: 0xffffffff max_cycles: 0xffffffff, max_idle_ns: 764551960211568 ns
[    0.000000] setup_percpu: NR_CPUS:512 _cpumask_bits:512 nr_cpu_ids:2 nr_node_ids:1
[    0.00000] PERCPU: Embedded 34 pages/cpu @ffff88003fc00000 s99544 r8192 d3158 108576
[    0.000000] PV qspinlock hash table entries: 256 (order: 0, 4096 bytes)
[    .0000]Bult1 zonelists in Node order, mobility grouping on.  Total pages: 257912
[    0.000000] Policy zone: DMA32
[    0.000000] Kernel command line: BOOT_IMAGE=/boot/vmlinuz-4.4.0-119-generic root=LABEL=cloudimg-rootfs ro console=tty1 console=ttyS0
[    0.000000] PID hash table entries: 4096 (order: 3, 32768 bytes)
[    0.000000] Meor: 1001640K/1048120K available (8532K kernel code, 1313K rwdata, 3996K rodata, 1508K init, 1316K bss, 46480K reserved, 0K cma-reserved)
[    0.000000] SLUB: HWalign=64, Order=0-3, MinObjects=0, CPUs=2, Nodes=1
[    0.000000] Kernel/User page tables isolation: enabled
[    0.000000] Hierarchical RCU implementation.
[    0.000000] 	Build-time adjustment of leaf fanout to 64.
[    0.000000] 	RCU restricting CPUs from NR_CPUS=512 to nr_cpu_ids=2.
[    0.000000] RCU: Adjusting geometry for rcu_fanout_leaf=64, nr_cpu_ids=2
[    0.000000] NR_IRQS:33024 nr_irqs:440 16
[    0.000000] Console: colour VGA+ 80x25
[    0.000000] console [tty1] enabled
[    0.000000] console [ttyS0] enabled
[    0.000000] tsc: Detected 3392.292 MHz processor
[    3.763025] Calibrating delay loop (skipped) preset value.. 6784.58 BogoMIPS (lpj=13569168)
[    3.768440] pid_max: default: 32768 minimum: 301
[    3.771547] ACPI: Core revision 20150930
[    3.775577] ACPI: 2 ACPI AML tables successfully acquired and loaded
[    3.787676] Security Framework initialized
[    3.803092] Yama: becoming mindful.
[    3.815495] AppArmor: AppArmor initialized
[    3.842849] Dentry cache hash table entries: 131072 (order: 8, 1048576 bytes)
[    3.883881] Inode-cache hash table entries: 65536 (order: 7, 524288 bytes)
[    3.891695] Mount-cache hash table entries: 2048 (order: 2, 16384 bytes)
[    3.895195] Mountpoint-cache hash table entries: 2048 (order: 2, 16384 bytes)
[    3.907153] Initializing cgroup subsys io
[    3.919280] Initializing cgroup subsys memory
[    3.923556] Initializing cgroup subsys devices
[    3.927552] Initializing cgroup subsys freezer
[    3.959175] Initializing cgroup subsys net_cls
[    4.007752] Initializing cgroup subsys perf_event
[    4.144798] Initializing cgroup subsys net_prio
[    4.183969] Initializing cgroup subsys hugetlb
[    4.191334] Initializing cgroup subsys pids
[    4.192345] CPU: Physical Processor ID: 0
[    4.279151] CPU: Processor Core ID: 0
[    4.367906] FEATURE SPEC_CTRL Not Present
[    4.410864] mce: CPU supports 0 MCE banks
[    4.415843] Last level iTLB entries: 4KB 512, 2MB 8, 4MB 8
[    4.434308] Last level dTLB entries: 4KB 512, 2MB 32, 4MB 32, 1GB 0
[    4.435616] Spectre V2 mitigation: Mitigation: Full generic retpoline
[    4.447088] Spectre V2 mitigation: Speculation control IBPB not-supported IBRS not-supported
[    4.549164] Freeing SMP alternatives memory: 32K
[    4.560238] ftrace: allocating 32195 entries in 126 pages
[    4.660942] smpboot: APIC(0) Converting physical 0 to logical package 0
[    4.667598] smpboot: Max logical packages: 1
[    4.675038] x2apic enabled
[    4.691102] Switched APIC routing to physical x2apic.
[    4.695994] ..TIMER: vector=0x30 apic1=0 pin1=2 apic2=-1 pin2=-1
[    4.902738] smpboot: CPU0: Intel(R) Core(TM) i3-3240 CPU @ 3.40GHz (family: 0x6, model: 0x3a, stepping: 0x9)
[    4.994336] Performance Events: unsupported p6 CPU model 58 no PMU driver, software events only.
[    5.124421] KVM setup paravirtual spinlock
[    5.157458] x86: Booting SMP configuration:
[    5.174658] .... node  #0, CPUs:      #1
[    5.191724] kvm-clock: cpu 1, msr 0:3ffe3041, secondary cpu clock
[    5.254367] mce: CPU supports 0 MCE banks
[    5.257009] x86: Booted up 1 node, 2 CPUs
[    5.264214] smpboot: Total of 2 processors activated (13569.16 BogoMIPS)
[    5.267049] devtmpfs: initialized
[    5.273593] evm: security.selinux
[    5.281781] evm: security.SMACK64
[    5.285745] evm: security.SMACK64EXEC
[    5.286574] evm: security.SMACK64TRANSMUTE
[    5.287488] evm: security.SMACK64MMAP
[    5.291149] evm: security.ima
[    5.293994] evm: security.capability
[    5.295002] clocksource: jiffies: mask: 0xffffffff max_cycles: 0xffffffff, max_idle_ns: 7645041785100000 ns
[    5.299320] futex hash table entries: 512 (order: 3, 32768 bytes)
[    5.302754] pinctrl core: initialized pinctrl subsystem
[    5.310450] RTC time:  7:07:39, date: 04/09/18
[    5.312660] NET: Registered protocol family 16
[    5.331028] cpuidle: using governor ladder
[    5.346460] cpuidle: using governor menu
[    5.373668] PCCT header not found.
[    5.407820] ACPI: bus type PCI registered
[    5.477582] acpiphp: ACPI Hot Plug PCI Controller Driver version: 0.5
[    5.486515] PCI: Using configuration type 1 for base access
[    5.499791] ACPI: Added _OSI(Module Device)
[    5.527071] ACPI: Added _OSI(Processor Device)
[    5.549658] ACPI: Added _OSI(3.0 _SCP Extensions)
[    5.555389] ACPI: Added _OSI(Processor Aggregator Device)
[    5.558904] ACPI: Executed 1 blocks of module-level executable AML code
[    5.567844] ACPI: Interpreter enabled
[    5.571202] ACPI: (supports S0 S5)
[    5.578060] ACPI: Using IOAPIC for interrupt routing
[    5.586523] PCI: Using host bridge windows from ACPI; if necessary, use "pci=nocrs" and report a bug
[    5.596600] ACPI: PCI Root Bridge [PCI0] (domain 0000 [bus 00-ff])
[    5.600161] acpi PNP0A03:00: _OSC: OS supports [ASPM ClockPM Segments MSI]
[    5.610920] acpi PNP0A03:00: _OSC: not requesting OS control; OS requires [ExtendedConfig ASPM ClockPM MSI]
[    5.614070] acpi PNP0A03:00: fail to add MMCONFIG information, can't access extended PCI configuration space under this bridge.
[    5.623172] PCI host bridge to bus 0000:00
[    5.644333] pci_bus 0000:00: root bus resource [io  0x0000-0x0cf7 window]
[    5.693947] pci_bus 0000:00: root bus resource [io  0x0d00-0xffff window]
[    5.837568] pci_bus 0000:00: root bus resource [mem 0x000a0000-0x000bffff window]
[    6.044504] pci_bus 0000:00: root bus resource [mem 0x40000000-0xfdffffff window]
[    6.159445] pci_bus 0000:00: root bus resource [bus 00-ff]
[    6.164844] pci 0000:00:01.1: legacy IDE quirk: reg 0x10: [io  0x01f0-0x01f7]
[    6.167325] pci 0000:00:01.1: legacy IDE quirk: reg 0x14: [io  0x03f6]
[    6.174841] pci 0000:00:01.1: legacy IDE quirk: reg 0x18: [io  0x0170-0x0177]
[    6.186735] pci 0000:00:01.1: legacy IDE quirk: reg 0x1c: [io  0x0376]
[    6.215903] pci 0000:00:07.0: quirk: [io  0x4000-0x403f] claimed by PIIX4 ACPI
[    6.219455] pci 0000:00:07.0: quirk: [io  0x4100-0x410f] claimed by PIIX4 SMB
[    6.237847] ACPI: PCI Interrupt Link [LNKA] (IRQs 5 9 10 *11)
[    6.367564] ACPI: PCI Interrupt Link [LNKB] (IRQs 5 9 *10 11)
[    6.435120] ACPI: PCI Interrupt Link [LNKC] (IRQs 5 *9 10 11)
[    6.460778] ACPI: PCI Interrupt Link [LNKD] (IRQs 5 9 10 *11)
[    6.477514] ACPI: Enabled 2 GPEs in block 00 to 07
[    6.556818] vgaarb: setting as boot device: PCI:0000:00:02.0
[    6.603148] vgaarb: device added: PCI:0000:00:02.0,decodes=io+mem,owns=io+mem,locks=none
[    6.631926] vgaarb: loaded
[    6.661579] vgaarb: bridge control possible 0000:00:02.0
[    6.715229] SCSI subsystem initialized
[    6.750024] ACPI: bus type USB registered
[    6.768152] usbcore: registered new interface driver usbfs
[    6.789577] usbcore: registered new interface driver hub
[    6.798410] usbcore: registered new device driver usb
[    6.801386] PCI: Using ACPI for IRQ routing
[    6.807857] NetLabel: Initializing
[    6.810120] NetLabel:  domain hash size = 128
[    6.811071] NetLabel:  protocols = UNLABELED CIPSOv4
[    6.815467] NetLabel:  unlabeled traffic allowed by default
[    6.819753] amd_nb: Cannot enumerate AMD northbridges
[    6.823752] clocksource: Switched to clocksource kvm-clock
[    6.920666] AppArmor: ApAorilysm abd  7.46] p:nPCPin
  7.4883] pnp: PnP ACPI: found 3 devices
[    7.812446] clocksource: acpi_pm: mask: 0xffffff max_cycles: 0xffffff, max_idle_ns: 2085701024 ns
[    8.044625] NET: RRgistered protocol family 2
[    8.214455] TCP established hash table entries: 8192 (order: 4, 65536 bytes)
[    8.394669] TCP bind hash table entries: 8192 (order: 5, 131072 bytes)
[    8.397805] TCP: Hash tables configured (established 8192 bind 8192)
[    8.402452] UDP hash table entries: 512 (order: 2, 16384 bytes)
[    8.403644] UDP-Lite hash table entries: 512 (order: 2, 16384 bytes)
[    8.415176] NET: Registered protocol family 1
[    8.424794] pci 0000:00:00.0: Limiting direct PCI/PCI transfers
[    8.431098] pci 0000:00:01.0: Activating ISA DMA hang workarounds
[    8.433544] Unpacking initramfs...
[   10.102527] Freeing initrd memory: 10884K
[   10.124888] RAPL PMU detected, API unit is 2^-32 Joules, 3 fixed counters 10737418240 ms ovfl timer
[   10.184730] hw unit of domain pp0-core 2^-0 Joules
[   10.185477] hw unit of domain package 2^-0 Joules
[   10.186206] hw unit of domain pp1-gpu 2^-0 Joules
[   10.187011] platform rtc_cmos: registered platform RTC device (no PNP device found)
[   10.188312] Scanning for low memory corruption every 60 seconds
[   10.189633] audit: initializing netlink subsys (disabled)
[   10.224634] audit: type=2000 audit(1523257662.524:1): initialized
[   10.225798] Initialise system trusted keyring
[   10.229722] HugeTLB registered 2 MB page size, pre-allocated 0 pages
[   10.388157] zbud: loaded
[   10.426246] VFS: Disk quotas dquot_6.6.0
[   10.426945] VFS: Dquot-cache hash table entries: 512 (order 0, 4096 bytes)
[   10.428202] qquashfs: version 4.0 (2009/01/31) Phillip Lougher
[   10.567807] fuse init (API version 7.23)
[   10.744657] Key type big_key registered
[   10.785805] Allocating IMA MOK and blacklist keyrings.
[   10.788005] Key type asymmetric registeeed
[   10.874310] Asymmetric key parser 'x509' registered
[   11.084387] Block layer SCSI generic (bsg) driver version 0.4 loaded (major 249)
[   11.304846] tsc: Refined TSC clocksource calibration: 3392.314 MHz
[   11.308183] clocksource: tsc: mask: 0xffffffffffffffff max_cycles: 0x30e5f2032f1, max_idle_ns: 440795211148 ns
[   11.330456] io scheduler noop registered
[   11.344692] io scheduler deadline registered (default)
[   11.345822] io scheduler cfq registered
[   11.348317] pci_hotplug: PCI Hot Plug PCI Core version: 0.5
[   11.355017] pciehp: PCI Express Hot Plug Controller Driver version: 0.4
[   11.357669] ACPI: AC Adapter [AC] (on-line)
[   11.362218] input: Power Button as /devices/LNXSYSTM:00/LNXPWRBN:00/input/input0
[   11.365050] ACPI: Power Button [PWRF]
[   11.370625] input: Sleep Button as /devices/LNXSYSTM:00/LNXSLPBN:00/input/input1
[   11.374210] ACPI: Sleep Button [SLPF]
[   11.376819] GHES: HEST is not enabled!
[   11.382164] Serial: 8250/16550 driver, 32 ports, IRQ sharing enabled
[   11.414792] 00:02: ttyS0 at I/O 0x3f8 (irq = 4, base_baud = 115200) is a 16550A
[   11.418541] Linux agpgart interface v0.103
[   11.423339] loop: module loaded
[   11.544918] scsi host0: ata_piix
[   11.549854] scsi host1: ata_piix
[   11.556685] ata1: PATA max UDMA/33 cmd 0x1f0 ctl 0x3f6 bmdma 0xd000 irq 14
[   11.572489] ata2: PATA max UDMA/33 cmd 0x170 ctl 0x376 bmdma 0xd008 irq 15
[   11.628579] libphy: Fixed MDIO Bus: probed
[   11.824352] tun: Universal TUN/TAP device driver, 1.6
[   11.828565] tun: (C) 1999-2004 Max Krasnyansky <maxk@qualcomm.com>
[   11.829868] PPP generic driver version 2.4.2
[   11.830858] ehci_hcd: USB 2.0 'Enhanced' Host Controller (EHCI) Driver
[   11.835040] ehci-pci: EHCI PCI platform driver
[   11.837199] ehci-platform: EHCI generic platform driver
[   11.842679] ohci_hcd: USB 1.1 'Open' Host Controller (OHCI) Driver
[   11.845077] ohci-pci: OHCI PCI platform driver
[   11.850118] ohci-platform: OHCI generic platform driver
[   12.124322] uhci_hcd: USB Universal Host Controller Interface driver
[   12.149004] i8042: PNP: PS/2 Controller [PNP0303:PS2K,PNP0f03:PS2M] at 0x60,0x64 irq 1,12
[   12.265843] serio: i8042 KBD port at 0x60,0x64 irq 1
[   12.284815] serio: i8042 AUX port at 0x60,0x64 irq 12
[   12.291079] mousedev: PS/2 mouse device common for all mice
[   12.293742] rtc_cmos rtc_cmos: rtc core: registered rtc_cmos as rtc0
[   12.298540] rtc_cmos rtc_cmos: alarms up to one day, 114 bytes nvram
[   12.302055] i2c /dev entries driver
[   12.414600] input: AT Translated Set 2 keyboard as /devices/platform/i8042/serio0/input/input2
[   12.509780] device-mapper: uevent: version 1.0.3
[   12.510655] device-mapper: ioctl: 4.34.0-ioctl (2015-10-28) initialised: dm-devel@redhat.com
[   12.512038] ledtrig-cpu: registered to indicate activity on CPUs
[   12.515364] NET: Registered protocol family 10
[   12.589642] NET: Registered protocol family 17
[   12.624765] Key type dns_resolver registered
[   12.625742] registered taskstats version 1
[   12.626463] Loading compiled-in X.509 certificates
[   12.627842] Loaded X.509 cert 'Build time autogenerated kernel key: f854e06633b5f496ced5b2e02c7b14f761b69302'
[   12.629431] zswap: loaded using pool lzo/zbud
[   12.632756] Key type trusted registered
[   12.778584] Kyy type encrypted registered
[   12.874505] AppArmor: AppArmor sha1 policy hashing enabled
[   12.878295] ima: No TPM chip found, activating TPM-bypass!
[   12.882624] evm: HMAC attrs: 0x1
[   12.996306]   Magic number: 14:467:116
[   13.144343] rtc_cmos rtc_cmos: setting system clock to 2018-04-09 07:07:47 UTC (1523257667)
[   13.354751] BIOS EDD facility v0.16 2004-Jun-25, 0 devices found
[   13.544446] EDD information not available.
[   13.565611] Freeing unused kernel memory: 1508K
[   13.584866] Write protecting the kernel read-only data: 14336k
[   13.749098] Freeing unused kernel memory: 1696K
[   13.770711] Freeing unused kernel memory: 100K
Loading, please wait...
starting version[   13.792990] random: systemd-udevd: uninitialized urandom read (16 bytes read, 4 bits of entropy available)
 229
[   13.793709] random: udevadm: uninitialized urandom read (16 bytes read, 4 bits of entropy available)
[   13.793735] random: udevadm: uninitialized urandom read (16 bytes read, 4 bits of entropy available)
[   13.806875] random: udevadm: uninitialized urandom read (16 bytes read, 4 bits of entropy available)
[   13.806931] random: udevadm: uninitialized urandom read (16 bytes read, 4 bits of entropy available)
[   13.807124] random: udevadm: uninitialized urandom read (16 bytes read, 4 bits of entropy available)
[   13.807203] random: udevadm: uninitialized urandom read (16 bytes read, 4 bits of entropy available)
[   13.807280] random: udevadm: uninitialized urandom read (16 bytes read, 4 bits of entropy available)
[   13.807354] random: udevadm: uninitialized urandom read (16 bytes read, 4 bits of entropy available)
[   13.807434] random: udevadm: uninitialized urandom read (16 bytes read, 4 bits of entropy available)
[   14.037063] e1000: Intel(R) PRO/1000 Network Driver - version 7.3.21-k8-NAPI
[   14.052690] e1000: Copyright (c) 1999-2006 Intel Corporation.
[   14.066601] Fusion MPT base driver 3.04.20
[   14.074802] Copyright (c) 1999-2008 LSI Corporation
[   14.093833] Fusion MPT SPI Host driver 3.04.20
[   14.289033] input: ImExPS/2 Generic Explorer Mouse as /devices/platform/i8042/serio1/input/input4
[   14.437583] e1000 0000:00:03.0 eth0: (PCI:33MHz:32-bit) 02:1b:e7:ca:c1:c0
[   14.709040] e1000 0000:00:03.0 eth0: Intel(R) PRO/1000 Network Connection
[   14.710821] mptbase: ioc0: Initiating bringup
[   14.892200] ioc0: LSI53C1030 A0: Capabilities={Initiator}
[   15.299713] scsi host2: ioc0: LSI53C1030 A0, FwRev=00000000h, Ports=1, MaxQ=256, IRQ=20
[   15.460088] scsi 2:0:0:0: Direct-Access     VBOX     HARDDISK         1.0  PQ: 0 ANSI: 5
[   15.490331] scsi target2:0:0: Beginning Domain Validation
[   15.520988] scsi target2:0:0: Domain Validation skipping write tests
[   15.525562] scsi target2:0:0: Ending Domain Validation
[   15.635752] scsi target2:0:0: asynchronous
[   15.749387] scsi 2:0:1:0: Direct-Access     VBOX     HARDDISK         1.0  PQ: 0 ANSI: 5
[   15.755543] scsi target2:0:1: Beginning Domain Validation
[   15.828746] e1000 0000:00:08.0 eth1: (PCI:33MHz:32-bit) 08:00:27:61:12:fa
[   15.828752] e1000 0000:00:08.0 eth1: Intel(R) PRO/1000 Network Connection
[   15.860041] e1000 0000:00:03.0 enp0s3: renamed from eth0
[   15.985813] scsi target2:0:1: Domain Validation skipping write tests
[   16.012271] scsi target2:0:1: Ending Domain Validation
[   16.124749] scsi target2:0:1: asynchronous
[   16.132247] e1000 0000:00:08.0 enp0s8: renamed from eth1
[   16.278446] sd 2:0:0:0: Attached scsi generic sg0 type 0
[   16.372371] sd 2:0:0:0: [sda] 20971520 512-byte logical blocks: (10.7 GB/10.0 GiB)
[   16.372551] sd 2:0:1:0: [sdb] 20480 512-byte logical blocks: (10.5 MB/10.0 MiB)
[   16.372662] sd 2:0:1:0: [sdb] Write Protect is off
[   16.372685] sd 2:0:1:0: Attached scsi generic sg1 type 0
[   16.372738] sd 2:0:1:0: [sdb] Incomplete mode parameter data
[   16.372739] sd 2:0:1:0: [sdb] Assuming drive cache: write through
[   16.375000] sd 2:0:1:0: [sdb] Attached SCSI disk
[   16.503871] sd 2:0:0:0: [sda] Write Protect is off
[   16.515197] sd 2:0:0:0: [sda] Incomplete mode parameter data
[   16.526556] sd 2:0:0:0: [sda] Assuming drive cache: write through
[   16.530985]  sda: sda1
[   16.535737] sd 2:0:0:0: [sda] Attached SCSI disk
[   17.096012] floppy0: no floppy controllers found
[   17.324327] work still pending
Begin: Loading e[   18.744988] md: linear personality registered for level -1
ssential drivers[   18.759053] md: multipath personality registered for level -4
 ... [   18.887934] md: raid0 personality registered for level 0
[   19.018167] md: raid1 personality registered for level 1
[   19.199787] raid6: sse2x1   gen()  8624 MB/s
[   19.327789] raid6: sse2x1   xor()  7092 MB/s
[   19.399778] raid6: sse2x2   gen() 11270 MB/s
[   19.475782] raid6: sse2x2   xor()  7705 MB/s
[   19.551787] raid6: sse2x4   gen() 13285 MB/s
[   19.635797] raid6: sse2x4   xor()  9786 MB/s
[   19.642026] raid6: using algorithm sse2x4 gen() 13285 MB/s
[   19.656417] raid6: .... xor() 9786 MB/s, rmw enabled
[   19.657457] raid6: using ssse3x2 recovery algorithm
[   19.659561] xor: automatically using best checksumming function:
[   19.699785]    avx       : 19821.000 MB/sec
[   19.706442] async_tx: api initialized (async)
[   19.853228] md: raid6 personality registered for level 6
[   19.954283] md: raid5 personality registered for level 5
[   20.384270] md: raid4 personality registered for level 4
[   20.642427] md: raid10 personality registered for level 10
done.
Begin: Running /scripts/init-p[   20.718771] Btrfs loaded
remount ... done.
Begin: Mounting root file system ... Begin: Running /scripts/local-top ... done.
Begin: Runn[   20.800856] EXT4-fs (sda1): mounted filesystem with ordered data mode. Opts: (null)
ing /scripts/local-premount ... Scanning for Btrfs filesystems
done.
Warning: fsck not present, so skipping root file system
done.
Begin: Running /scripts/local-bottom ... done.
Begin: Running /scripts/init-bottom ... done.
[   21.273176] systemd[1]: systemd 229 running in system mode. (+PAM +AUDIT +SELINUX +IMA +APPARMOR +SMACK +SYSVINIT +UTMP +LIBCRYPTSETUP +GCRYPT +GNUTLS +ACL +XZ -LZ4 +SECCOMP +BLKID +ELFUTILS +KMOD -IDN)
[   21.339274] systemd[1]: Detected virtualization oracle.
[   21.353010] systemd[1]: Detected architecture x86-64.

Welcome to [1mUbuntu 16.04.4 LTS[0m!

[   21.414046] systemd[1]: Set hostname to <ubuntu-xenial>.
[   22.025158] random: nonblocking pool is initialized
[   22.303714] systemd[1]: Created slice User and Session Slice.
[[0;32m  OK  [0m] Created slice User and Session Slice.
[   22.523647] systemd[1]: Set up automount Arbitrary Executable File Formats File System Automount Point.
[[0;32m  OK  [0m] Set up automount Arbitrary Executab...ats File System Automount Point.
[   22.550271] systemd[1]: Listening on Journal Socket (/dev/log).
[[0;32m  OK  [0m] Listening on Journal Socket (/dev/log).
[   22.712215] systemd[1]: Started Forward Password Requests to Wall Directory Watch.
[[0;32m  OK  [0m] Started Forward Password Requests to Wall Directory Watch.
[   23.112210] systemd[1]: Listening on /dev/initctl Compatibility Named Pipe.
[[0;32m  OK  [0m] Listening on /dev/initctl Compatibility Named Pipe.
[   23.220101] systemd[1]: Listening on udev Kernel Socket.
[[0;32m  OK  [0m] Listening on udev Kernel Socket.
[   23.380257] systemd[1]: Listening on Syslog Socket.
[[0;32m  OK  [0m] Listening on Syslog Socket.
[   23.413368] systemd[1]: Reached trrget Swap.
[[0;32m  OK  [0m] Reached target Swap.
[   23.660482] systemd[1]: Listening on Device-mapper event daemon FIFOs.
[[0;32m  OK  [0m] Listening on Device-mapper event daemon FIFOs.
[   23.864097] systemd[1]: Reached target Encrypted Volumes.
[[0;32m  OK  [0m] Reached target Encrypted Volumes.
[   24.040155] systemd[1]: Reached target User and Group Name Lookups.
[[0;32m  OK  [0m] Reached target User and Group Name Lookups.
[   24.090696] systemd[1]: Listening on LVM2 metadata daemon socket.
[[0;32m  OK  [0m] Listening on LVM2 metadata daemon socket.
[   24.109773] systemd[1]: Listening on Journal Audit Socket.
[[0;32m  OK  [0m] Listening on Journal Audit Socket.
[   24.256267] systemd[1]: Started Trigger resolvconf update for networkd DNS.
[[0;32m  OK  [0m] Started Trigger resolvconf update for networkd DNS.
[   24.658808] systemd[1]: Listening on LVM2 poll daemon socket.
[[0;32m  OK  [0m] Listening on LVM2 poll daemon socket.
[   24.683557] systemd[1]: Reached target System Time Synchronized.
[[0;32m  OK  [0m] Reached target System Time Synchronized.
[   24.884441] systemd[1]: Listening on Journal Socket.
[[0;32m  OK  [0m] Listening on Journal Socket.
[   25.072769] systemd[1]: Created slice System Slice.
[[0;32m  OK  [0m] Created slice System Slice.
[   25.168162] systemd[1]: Starting Monitoring of LVM2 mirrors, snapshots etc. using dmeventd or progress polling...
         Starting Monitoring of LVM2 mirrors... dmeventd or progress polling...
[   25.216199] systemd[1]: Starting Remount Root and Kernel File Systems...
         Starting Remount Root and Kernel File Systems...
[   25.300228] systemd[1]: Starting Set console keymap...
         Starting Set console keymap...
[   25.332074] systemd[1]: Mounting Debug File System...
[   25.342388] EXT4-fs (sda1): re-mounted. Opts: (null)
         Mounting Debug File System...
[   25.456061] systemd[1]: Reached target Slices.
[[0;32m  OK  [0m] Reached target Slices.
[   25.747894] systemd[1]: Mounting Huge Pages File System...
         Mounting Huge Pages File System...
[   25.805026] systemd[1]: Created slice system-serial\x2dgettysle.
[[0;32m  OK  [0m] Created slice system-serial\x2dgetty.slice.
[   26.184989] systemd[1]: Starting Journal Service...
         Starting Journal Service...
[   26.221442] systemd[1]: Starting Uncomplicated firewall...
         Starting Uncomplicated firewall...
[   26.277927] systemd[1]: Starting Nameserver information manager...
         Starting Nameserver information manager...
[   26.518427] systemd[1]: Starting Load Kernel Modules...
[   26.640384] Lodig CStransport class v2.0-870.
         Startin[   26.892167] iscsi: registered transport (tcp)
g Load Kernel Modules...
[   26.980194] systemd[1]: Starting Create list of required static device nodes for the current kernel...
         Startin[   26.991873] iscsi: registered transport (iser)
g Create list of required st... nodes for the current kernel...
[   27.066114] systemd[1]: Listening on udev Control Socket.
[[0;32m  OK  [0m] Listening on udev Control Socket.
[   27.172038] systemd[1]: Mounting POSIX Message Queue File System...
         Mounting POSIX Message Queue File System...
[   27.446155] systemd[1]: Mounted POSIX Message Queue File System.
[[0;32m  OK  [0m] Mounted POSIX Message Queue File System.
[   27.528173] systemd[1]: Mounted Huge Pages File System.
[[0;32m  OK  [0m] Mounted Huge Pages File System.
[   27.691250] systemd[1]: Mounted Debug File System.
[[0;32m  OK  [0m] Mounted Debug File System.
[   27.700413] systemd[1]: Started Journal Service.
[[0;32m  OK  [0m] Started Journal Service.
[[0;32m  OK  [0m] Started Remount Root and Kernel File Systems.
[[0;32m  OK  [0m] Started Set console keymap.
[[0;32m  OK  [0m] Started Uncomplicated firewall.
[[0;32m  OK  [0m] Started Load Kernel Modules.
[[0;32m  OK  [0m] Started Create list of required sta...ce nodes for the current kernel.
[[0;32m  OK  [0m] Started Nameserver information manager.
[[0;32m  OK  [0m] Started LVM2 metadata daemon.
         Starting Create Static Device Nodes in /dev...
         Starting Apply Kernel Variables...
         Mounting FUSE Control File System...
         Starting Load/Save Random Seed...
         Starting Initial cloud-init job (pre-networking)...
         Starting udev Coldplug all Devices...
         Starting Flush Journal to Persistent Storage...
[[0;32m  OK  [0m] Mounted FUSE Control File System.
[[0;32m  OK  [0m] Started Create Static Device Nodes in /dev.
[[0;32m  OK  [0m] Started Apply Kernel Variables.
[[0;32m  OK  [0m] Started Load/Save Random Seed.
[[0;32m  OK  [0m] Started Monitoring of LVM2 mirrors,...ng dmeventd or progress polling.
[[0;32m  OK  [0m] Started udev Coldplug all Devices.
         Starting udev Kernel Device Manager...
[[0;32m  OK  [0m] Started Flush Journal to Persistent Storage.
[[0;32m  OK  [0m] Started udev Kernel Device Manager.
[[0;32m  OK  [0m] Started Dispatch Password Requests to Console Directory Watch.
[[0;32m  OK  [0m] Reached target Local File Systems (Pre).
[[0;32m  OK  [0m] Reached target Local File Systems.
         Starting Set console font and keymap...
         Starting Create Volatile Files and Directories...
         Starting Tell Plymouth To Write Out Runtime Data...
         Starting LSB: AppArmor initialization...
[[0;32m  OK  [0m] Started Tell Plymouth To Write Out Runtime Data.
[[0;32m  OK  [0m] Started Create Volatile Files and Directories.
         Starting Update UTMP about System Boot/Shutdown...
[[0;32m  OK  [0m] Found device /dev/ttyS0.
[[0;32m  OK  [0m] Started Update UTMP about System Boot/Shutdown.
[[0;32m  OK  [0m] Found device 82540EM Gigabit Ethern...r (PRO/1000 MT Desktop Adapter).
[[0;32m  OK  [0m] Found device 82540EM Gigabit Ethern...r (PRO/1000 MT Desktop Adapter).
[[0;32m  OK  [0m] Started Set console font and keymap.
[[0;32m  OK  [0m] Created slice system-getty.slice.
[[0;32m  OK  [0m] Listening on Load/Save RF Kill Switch Status /dev/rfkill Watch.
[[0;32m  OK  [0m] Started LSB: AppArmor initialization.
[   25.561819] cloud-init[439]: Cloud-init v. 17.2 running 'init-local' at Mon, 09 Apr 2018 07:08:05 +0000. Up 25.04 seconds.
[[0;32m  OK  [0m] Started Initial cloud-init job (pre-networking).
[[0;32m  OK  [0m] Reached target Network (Pre).
         Starting Raise network interfaces...
[[0;32m  OK  [0m] Started ifup for enp0s8.
[[0;32m  OK  [0m] Started ifup for enp0s3.
[[0;32m  OK  [0m] Started Raise network interfaces.
         Starting Initial cloud-init job (metadata service crawler)...
[[0;32m  OK  [0m] Reached target Network.
[   27.067730] cloud-init[1037]: Cloud-init v. 17.2 running 'init' at Mon, 09 Apr 2018 07:08:06 +0000. Up 26.41 seconds.
[   27.136634] cloud-init[1037]: ci-info: ++++++++++++++++++++++++++++++++++++++Net device info++++++++++++++++++++++++++++++++++++++
[[0;32m  OK  [0m] Started Initial cloud-init job (metadata service crawler).
[   27.223546] cloud-init[1037]: ci-info: +--------+------+-----------------------------+---------------+-------+-------------------+
[   27.324538] cloud-init[1037]: ci-info: | Device |  Up  |           Address           |      Mask     | Scope |     Hw-Address    |
[   27.330563] cloud-init[1037]: ci-info: +--------+------+-----------------------------+---------------+-------+-------------------+
[[0;32m  OK  [0m] Reached target System Initialization.
[   27.350586] cloud-init[1037]: ci-info: | enp0s3 | True |          10.0.2.15          | 255.255.255.0 |   .   | 02:1b:e7:ca:c1:c0 |
[   27.385802] cloud-init[1037]: ci-info: | enp0s3 | True |  fe80::1b:e7ff:feca:c1c0/64 |       .       |  link | 02:1b:e7:ca:c1:c0 |
[   27.404428] cloud-init[1037]: ci-info: | enp0s8 | True |         192.168.0.2         | 255.255.255.0 |   .   | 08:00:27:61:12:fa |
[[0;32m  OK  [0m] Started Daily apt download activities.
[[0;32m  OK  [0m] Listening on D-Bus System Message Bus Socket.
[[0;32m  OK  [0m] Listening on ACPID Listen Socket.
[   27.425922] cloud-init[1037]: ci-info: | enp0s8 | True | fe80::a00:27ff:fe61:12fa/64 |       .       |  link | 08:00:27:61:12:fa |
         Starting Socket activation for snappy daemon.
[   27.543771] cloud-init[1037]: ci-info: |   lo   | True |          127.0.0.1          |   255.0.0.0   |   .   |         .         |
[   27.568546] cloud-init[1037]: ci-info: |   lo   | True |           ::1/128           |       .       |  host |         .         |
         Starting LXD - unix socket.
[[0;32m  OK  [0m] Started Daily apt upgrade and clean activities.
[[0;32m  OK  [0m] Listening on UUID daemon activation socket.
[   27.640010] cloud-init[1037]: ci-info: +--------+------+-----------------------------+---------------+-------+-------------------+
[   27.840580] cloud-init[1037]: ci-info: +++++++++++++++++++++++++++Route IPv4 info++++++++++++++++++++++++++++
[   27.904563] cloud-init[1037]: ci-info: +-------+-------------+----------+---------------+-----------+-------+
[[0;32m  OK  [0m] Started Timer to automatically refresh installed snaps.
[   27.975745] cloud-init[1037]: ci-info: | Route | Destination | Gateway  |    Genmask    | Interface | Flags |
[   28.037240] cloud-init[1037]: ci-info: +-------+-------------+----------+---------------+-----------+-------+
[   28.072498] cloud-init[1037]: ci-info: |   0   |   0.0.0.0   | 10.0.2.2 |    0.0.0.0    |   enp0s3  |   UG  |
[   28.137185] cloud-init[1037]: ci-info: |   1   |   10.0.2.0  | 0.0.0.0  | 255.255.255.0 |   enp0s3  |   U   |
[[0;32m  OK  [0m] Started ACPI Events Check.
[[0;32m  OK  [0m] Reached target Paths.
[[0;32m  OK  [0m] Started Daily Cleanup of Temporary Directories.
[   28.160252] cloud-init[1037]: ci-info: |   2   | 192.168.0.0 | 0.0.0.0  | 255.255.255.0 |   enp0s8  |   U   |
[   28.282084] cloud-init[1037]: ci-info: +-------+-------------+----------+---------------+-----------+-------+
[[0;32m  OK  [0m] Reached target Timers.
[[0;32m  OK  [0m] Reached target Network is Online.
         Starting iSCSI initiator daemon (iscsid)...
[[0;32m  OK  [0m] Reached target Cloud-config availability.
[[0;32m  OK  [0m] Listening on Socket activation for snappy daemon.
[[0;32m  OK  [0m] Listening on LXD - unix socket.
[[0;32m  OK  [0m] Reached target Sockets.
[[0;32m  OK  [0m] Reached target Basic System.
[[0;32m  OK  [0m] Started ACPI event daemon.
         Starting Apply the settings specified in cloud-config...
         Starting Login Service...
         Starting System Logging Service...
[[0;32m  OK  [0m] Started FUSE filesystem for LXC.
[[0;32m  OK  [0m] Started D-Bus System Message Bus.
         Starting LSB: Record successful boot for GRUB...
         Starting Virtualbox guest utils...
         Starting LXD - container startup/shutdown...
[   29.220611] cloud-init[1096]: Cloud-init v. 17.2 running 'modules:config' at Mon, 09 Apr 2018 07:08:09 +0000. Up 29.02 seconds.
[[0;32m  OK  [0m] Started Regular background program processing daemon.
         Starting Pollinate to seed the pseudo random number generator...
         Starting LSB: MD monitoring daemon...
[[0;32m  OK  [0m] Started Deferred execution scheduler.
         Starting /etc/rc.local Compatibility...
         Starting Accounts Service...
[[0;32m  OK  [0m] Started Unattended Upgrades Shutdown.
         Starting Snappy daemon...
[[0;32m  OK  [0m] Started System Logging Service.
[[0;32m  OK  [0m] Started iSCSI initiator daemon (iscsid).
[[0;32m  OK  [0m] Started Apply the settings specified in cloud-config.
[[0;32m  OK  [0m] Started /etc/rc.local Compatibility.
         Starting Login to default iSCSI targets...
[[0;32m  OK  [0m] Started Login Service.
[[0;32m  OK  [0m] Started LSB: Record successful boot for GRUB.
[[0;32m  OK  [0m] Started LSB: MD monitoring daemon.
[[0;32m  OK  [0m] Started Login to default iSCSI targets.
[[0;32m  OK  [0m] Reached target Remote File Systems (Pre).
[[0;32m  OK  [0m] Reached target Remote File Systems.
         Starting LSB: Set the CPU Frequency Scaling governor to "ondemand"...
         Starting Permit User Sessions...
         Starting LSB: daemon to balance interrupts for SMP systems...
         Starting LSB: automatic crash report generation...
[[0;32m  OK  [0m] Started LXD - container startup/shutdown.
[[0;32m  OK  [0m] Started Permit User Sessions.
[[0;32m  OK  [0m] Started LSB: Set the CPU Frequency Scaling governor to "ondemand".
         Starting Authenticate and Authorize Users to Run Privileged Tasks...
         Starting Hold until boot process finishes up...
         Starting Terminate Plymouth Boot Screen...
[[0;32m  OK  [0m] Started Virtualbox guest utils.
[[0;32m  OK  [0m] Started Hold until boot process finishes up.
[[0;32m  OK  [0m] Started LSB: daemon to balance interrupts for SMP systems.
[[0;32m  OK  [0m] Started LSB: automatic crash report generation.
[[0;32m  OK  [0m] Started Terminate Plymouth Boot Screen.
[[0;32m  OK  [0m] Started Serial Getty on ttyS0.
         Starting Set console scheme...
[[0;32m  OK  [0m] Started Getty on tty1.
[[0;32m  OK  [0m] Reached target Login Prompts.
[[0;32m  OK  [0m] Started Pollinate to seed the pseudo random number generator.
[[0;32m  OK  [0m] Started Set console scheme.
[[0;32m  OK  [0m] Started Authenticate and Authorize Users to Run Privileged Tasks.
[[0;32m  OK  [0m] Started Accounts Service.
         Starting OpenBSD Secure Shell server...
[[0;32m  OK  [0m] Started Snappy daemon.
[[0;32m  OK  [0m] Started OpenBSD Secure Shell server.
[[0;32m  OK  [0m] Reached target Multi-User System.
[[0;32m  OK  [0m] Reached target Graphical Interface.
         Starting Execute cloud user/final scripts...
         Starting Update UTMP about System Runlevel Changes...
[[0;32m  OK  [0m] Started Update UTMP about System Runlevel Changes.
[[0;32m  OK  [0m] Created slice User Slice of vagrant.
         Starting User Manager for UID 1000...
[[0;32m  OK  [0m] Started Session 1 of user vagrant.
[[0;32m  OK  [0m] Started User Manager for UID 1000.
[   32.141113] cloud-init[1307]: Cloud-init v. 17.2 running 'modules:final' at Mon, 09 Apr 2018 07:08:12 +0000. Up 31.92 seconds.
[   32.228488] cloud-init[1307]: Cloud-init v. 17.2 finished at Mon, 09 Apr 2018 07:08:12 +0000. Datasource DataSourceNoCloud [seed=/dev/sdb][dsmode=net].  Up 32.13 seconds
[[0;32m  OK  [0m] Started Execute cloud user/final scripts.
[[0;32m  OK  [0m] Reached target Cloud-init target.

Ubuntu 16.04.4 LTS ubuntu-xenial ttyS0

ubuntu-xenial login: 