[    0.00] nitialzi croup subss ust
[   0.000]Iniazinggrp suyspu
[    0.000000] Initialiincgroupubs puacct
[    0.000000] Linux version 4.4.0-119-generic (buildd@lcy01-amd64-013) (gcc version 5.4.0 20160609 (Ubuntu 5.4.0-6ubuntu1~16.04) #143-Ubuntu SMP Mon Apr 2 16:08:24 UTC 2018 (Ubuntu 4.4.0-119.143-generic .414
[    .000] mmd ine:BO_IAGE=oovmin-4.0119-geneicro=LABEL=cloudimg-rootfs ro console=tty1 console=ttyS0
[    0.000000] KERNEL supported cpus:
[    0.000000]   Intel GenuineIntel
[    0.000000]   AMD AuthenticAMD
[    0.000000]   Centaur CentaurHauls
[    0000] x86fp xate_offse[2  76, xatsies[2  6
[   0000] x86/fpu Spoti XVEfeature 0x01: 'x87 floating point registers'
[    0.000000] x86/fpu: Supporting XSAVE feature 0x2:SS registrs
[   0.00] x86/fpu:uprting AVfeature 0x4:AVregisrs
[  .000] x86/fpu: Enabled xstate features 0x7, context size is 82 te, usig taard' foat
[    0.000000] x86/puUsg 'lazy' FU ntxt switches.
[   0000] e820: BIOS-provided physical RAM map:
[    0.000000] BIOS-e820: [mem 0x000000000000-0x000000000009fbff] usabe   0.000000] BIOS-e820: [mem 0x000000000009fc00-0x000000000009ffff] reseve
[   0.000000] BIOS-e82: emx0000000f0000x00000000fffff rered
[    0.00000BIOS-e820: [mem 0x0000000000100000-0x000000003ffeffff] usable
[    0.000000] BIOS-e820: [mem 0x000000003fff0000-0x000000003fffffff] ACPI data
[    0.000000] BIOS-e820: [mem 0x00000000fffc0000-0x00000000ffffffff] reserved
[    0.000000] NX (Execute Disable) protection: active
[    0.000000] SMBIOS 2.5 present.
[    0.000000] Hypervisor detected: KVM
[    0.000000] e820: last_pfn = 0x3fff0 max_arch_pfn = 0x400000000
[    0.000000] MTRR: Disabled
[    0.000000] x86/PAT: MTRRs disabled, skipping PAT initialization too.
[    0.000000] CPU MTRRs all blank - virtualized system.
[    0.000000] x86/PAT: Configuration [0-7]: WB  WT  UC- UC  WB  WT  UC U 
   0.00000 foundSMMPtableatme 000ff-0x0009fffmaed at [ffff88000ff0][  0.00000Scnning ars or lomery cruio
[    0.000000] RAMDISK: [mem 0x36aae000-0x3754efff]
[    0.000000] ACPI: Early table checksu vifatiodibld
[   00000] ACPI: RSDP 0x00000000000E0000 00024 (v2 OX )
   0.000000] CPI: XSD0x0000003FFF0030 00003C (v01 VBOX   VBOXXSDT 00000001 ASL  00000061)
[    0.000000] ACPI: FACP 0x000000003FFF00F0 0000F4 (v04 VBOX   VBOXFACP 00000001 ASL  00000061)
[    0.000000] ACPI: DSDT 0x000000003FFF0470 002118 (v01 VBOX   VBOXBIOS 00000002 INTL 20160108)
[    0.000000] ACPI: FACS 0x000000003FFF0200 000040
[    0.000000] ACPI: FACS 0x0000000FF200 0040
[    0.000000] ACPI: APIC 0x000000003FFF040005Cv0VBX   VBOXAPIC 00000001 ASL  00000061)
[    0.0000 API: SSD 0000000FFA00001CC (v01 VBOX   VBOXCPUT 00000002 INTL 20160108)
[    0.000000] No NUMA confiuriofound[  0.00000Faing aodat [emx000000000000-000000fefff]
[    0.000000]NO_DTA(0) allocated [mem 0x3fe000x3ffeffff]
[    0.000000] kvm-clock: Using msrs 4b564d01 and 4b564d00
[    0.000000] kvm-oc: cpu 0, msr0:fe01, primar c coc
[   000000 k-cock: using sched offse o338893850 cycles
[    0.000000] clocksource: kvm-clock: mask: 0xffffffffffffffff max_cycles: 0x1cd42e4dffb, max_idle_ns: 881590591483 ns
[    0.000000] Zone ranges:
[    0.000000]   DMA      [mem 0x0000000010-000000000ffff
[    0.00]  DMA32    [mem 0x000001000000-0x00000feffff]
[    0000]  Normal   empty
[    0.000000]   Device   empty
[    0.000000 Mabe zo srt for echod
[    00000 Elyemry node ans
[    0.00000  ode 0:mem 000000000100-0000000009ef]
[    0.000]  node   0: [mem 0x0000000000100000-0x000000003feff
  0.0000] Initmem setup node 0[m 0000000000001000-0000003ffeffff]
[    0.000000] ACPI: PM-Timer IO Port: 0x4008
[    0.0000 IOAPIC[0]: apic_id 2, version 17, address 0xfec00000, GSI 0-23
[    0.000000] ACPI: INT_SRC_OVR (bus 0 bus_irq 0 global_irq 2 dfl dfl)
[    0.000000] ACPI: INT_SRC_OVR (bus 0 bus_irq 9 global_irq 9 high level)
[    0.000000] Using ACPI (MADT) for SMP configuration information
[    0.000000] smpboot: Allowing 2 CPUs, 0 hotplug CPUs
[    0.000000] PM: Registered nosave memory: [mem 0x00000000-0x00000fff]
[    0.000000] PM: Registerednovememory [m x0009f0-009fff][   0.00000]M:egisrenoave memory: [emx000000x00eff][    0.0000]M: Risre noavmery: [me 0000000-0x00ff]
[   00000] e82: em0x4000000xffbfff] aiableorCI dvis[    0.000000 Btig parartlized kereln VM
[  .00000] cocksource rfined-jffs:mask: 0xfffff mx_cl: xfffffff m_idle_ns: 7645519600211568 ns
[   0.00] setu_pcp: NR_CS:2 nr_cpumk_ts512 nr_cp_i:2r_node_ids:
  0.0000] RCU: Embedded 34 pages/cpu @ffff88003fc00000 s99544 r8192 d31528 u1048576
[    0.000000] PV qspinochah table entries: 256(oer 0, 4096 byte)    .000 Built  zelsts i Ne der, mobity grouping on.  Total pages: 257912
[    0.000000] Policy zone:DM2    0.000000] Kernel command line: BOOT_IMAGE=/boot/vmlinuz-4.4.0-119-generic root=LABEL=cloudimg-rootfs ro console=tty1 console=ttyS0
[    .000] PID hash table entries: 4096 (order: 3, 32768 yt)[    0.000000] Memory: 10010K04120K avaab (8532 kne code, 113rwata, 3996K rodata,50 ini 16Kbss, 460Keserd,K ma-reserved)
[    0.000000] SLUB: HWalign=64, Order=0-3, MinObjects=0, CPUs=2, Nodes=1
[    0.000000] Kernel/User pgeabes isoti: enle
[   0.0000] erarchical RCU imemtation.
[    0.000000] 	Build-time adjustment of leaf fanout to 64.
[    0.000000] 	RCU restricting CPUs from NR_CPUS=512 to nr_cpu_ids=2.
[    0.000000] RCU: Adjusting geometry for rcu_fanutle=6, nr_cpuds=2
[    0.000000] NR_IRQS:33024 nr_irqs:440 16
[    0.000000] Console: colour VGA+ 80x25
[    0.000000] console [tty1] enabled
[    0.000000] console [ttyS0] enabled
[    0.000000] tsc: Detected 2593.992 MHz processor
[    9.638124] Calibrating delay loop (skipped) preset value.. 5187.98 BogoMIPS (lpj=10375968)
[    9.639337] pid_max: default: 32768 minimum: 301
[    9.639979] ACPI: Core revision 20150930
[   64337] ACPI: 2 ACPI AML tables successfully acquired and loaded
[    9.736142] Security Framework initialized
[    9.746971] Yama: becoming mindful.
[    9.794055] AppArmor: AppArmor initialized
[    9.851140] Dentry cache hash table entries: 131072 (order: 8, 1048576 bytes)
[    9.891897] Inode-cache hash table entries: 65536 (order: 7, 524288 bytes)
[    9.910451] Mount-cache hash table entries: 2048 (order: 2, 16384 bytes)
[    9.954320] Mountpoint-cache hash table entries: 2048 (order: 2, 16384 bytes)
[   10.009155] Initializing cgroup subsys io
[   10.018131] Initializing cgroup subsys memory
[   10.022500] Initializing cgroup subsys devices
[   10.062377] Initializing cgroup subsys freezer
[   10.075492] Initializing cgroup subsys net_cls
[   10.088470] Initializing cgroup subsys perf_event
[   10.102498] Initializing cgroup subsys net_prio
[   10.185958] Initializing cgroup subsys hugetlb
[   10.207420] Initializing cgroup subsys pids
[   10.231474] CPU: Physical Processor ID: 0
[   10.242383] CPU: Processor Core ID: 0
[   10.268540] FEATURE SPEC_CTRL Not Present
[   10.289313] mce: CPU supports 0 MCE banks
[   10.295318] Last level iTLB entries: 4KB 1024, 2MB 1024, 4MB 1024
[   10.301944] Last level dTLB entries: 4KB 1024, 2MB 1024, 4MB 1024, 1GB 4
[   10.318218] Spectre V2 mitigation: Mitigation: Full generic retpoline
[   10.342181] Spectre V2 mitigation: Speculation control IBPB not-supported IBRS not-supported
[   10.353568] Freeing SMP alternatives memory: 32K
[   10.404997] ftrace: allocating 32195 entries in 126 pages
[   10.495413] smpboot: APIC(0) Converting physical 0 to logical package 0
[   10.527566] smpboot: Max logical packages: 1
[   10.568486] ..TIMER: vector=0x30 apic1=0 pin1=2 apic2=-1 pin2=-1
[   10.713306] smpboot: CPU0: Intel(R) Core(TM) i7-4720HQ CPU @ 2.60GHz (family: 0x6, model: 0x3c, stepping: 0x3)
[   10.727050] Performance Events: unsupported p6 CPU model 60 no PMU driver, software events only.
[   10.805047] KVM setup paravirtual spinlock
[   10.834876] x86: Booting SMP configuration:
[   10.838049] .... node  #0, CPUs:      #1
[   10.847039] kvm-clock: cpu 1, msr 0:3ffe3041, secondary cpu clock
[   10.866971] mce: CPU supports 0 MCE banks
[   10.871763] x86: Booted up 1 node, 2 CPUs
[   10.893615] smpboot: Total of 2 processors activated (10375.96 BogoMIPS)
[   10.907314] devtmpfs: initialized
[   10.932336] evm: security.selinux
[   10.938535] evm: security.SMACK64
[   10.944591] evm: security.SMACK64EXEC
[   10.954135] evm: security.SMACK64TRANSMUTE
[   10.962035] evm: security.SMACK64MMAP
[   10.962887] evm: security.ima
[   10.968028] evm: security.capability
[   10.977594] clocksource: jiffies: mask: 0xffffffff max_cycles: 0xffffffff, max_idle_ns: 7645041785100000 ns
[   10.981458] futex hash table entries: 512 (order: 3, 32768 bytes)
[   11.006163] pinctrl core: initialized pinctrl subsystem
[   11.013803] RTC time: 16:55:38, date: 04/09/18
[   11.022341] NET: Registered protocol family 16
[   11.037700] cpuidle: using governor ladder
[   11.053845] cpuidle: using governor menu
[   11.060101] PCCT header not found.
[   11.067400] ACPI: bus type PCI registered
[   11.069351] acpiphp: ACPI Hot Plug PCI Controller Driver version: 0.5
[   11.073274] PCI: Using configuration type 1 for base access
[   11.085908] ACPI: Added _OSI(Module Device)
[   11.092873] ACPI: Added _OSI(Processor Device)
[   11.141073] ACPI: Added _OSI(3.0 _SCP Extensions)
[   11.182256] ACPI: Added _OSI(Processor Aggregator Device)
[   11.204132] ACPI: Executed 1 blocks of module-level executable AML code
[   11.263749] ACPI: Interpreter enabled
[   11.298038] ACPI: (supports S0 S5)
[   11.332051] ACPI: Using IOAPIC for interrupt routing
[   11.354639] PCI: Using host bridge windows from ACPI; if necessary, use "pci=nocrs" and report a bug
[   11.398055] ACPI: PCI Root Bridge [PCI0] (domain 0000 [bus 00-ff])
[   11.463445] acpi PNP0A03:00: _OSC: OS supports [ASPM ClockPM Segments MSI]
[   11.491340] acpi PNP0A03:00: _OSC failed (AE_NOT_FOUND); disabling ASPM
[   11.514804] acpi PNP0A03:00: fail to add MMCONFIG information, can't access extended PCI configuration space under this bridge.
[   11.565282] PCI host bridge to bus 0000:00
[   11.575766] pci_bus 0000:00: root bus resource [io  0x0000-0x0cf7 window]
[   11.603925] pci_bus 0000:00: root bus resource [io  0x0d00-0xffff window]
[   11.606390] pci_bus 0000:00: root bus resource [mem 0x000a0000-0x000bffff window]
[   11.622009] pci_bus 0000:00: root bus resource [mem 0x40000000-0xffdfffff window]
[   11.669966] pci_bus 0000:00: root bus resource [bus 00-ff]
[   11.678445] pci 0000:00:01.1: legacy IDE quirk: reg 0x10: [io  0x01f0-0x01f7]
[   11.690483] pci 0000:00:01.1: legacy IDE quirk: reg 0x14: [io  0x03f6]
[   11.693826] pci 0000:00:01.1: legacy IDE quirk: reg 0x18: [io  0x0170-0x0177]
[   11.713942] pci 0000:00:01.1: legacy IDE quirk: reg 0x1c: [io  0x0376]
[   11.741978] ACPI: PCI Interrupt Link [LNKA] (IRQs 5 9 10 11) *0, disabled.
[   11.762710] ACPI: PCI Interrupt Link [LNKB] (IRQs 5 9 10 *11)
[   11.793974] ACPI: PCI Interrupt Link [LNKC] (IRQs 5 9 *10 11)
[   11.809420] ACPI: PCI Interrupt Link [LNKD] (IRQs 5 *9 10 11)
[   11.824874] ACPI: Enabled 2 GPEs in block 00 to 07
[   11.841105] vgaarb: setting as boot device: PCI:0000:00:02.0
[   11.851810] vgaarb: device added: PCI:0000:00:02.0,decodes=io+mem,owns=io+mem,locks=none
[   11.856511] vgaarb: loaded
[   11.858051] vgaarb: bridge control possible 0000:00:02.0
[   11.866564] SCSI subsystem initialized
[   11.867313] ACPI: bus type USB registered
[   11.882158] usbcore: registered new interface driver usbfs
[   11.885445] usbcore: registered new interface driver hub
[   11.908255] usbcore: registered new device driver usb
[   11.924973] PCI: Using ACPI for IRQ routing
[   11.932660] NetLabel: Initializing
[   11.934299] NetLabel:  domain hash size = 128
[   11.946417] NetLabel:  protocols = UNLABELED CIPSOv4
[   11.964692] NetLabel:  unlabeled traffic allowed by default
[   11.971359] amd_nb: Cannot enumerate AMD northbridges
[   12.025089] clocksource: Switched to clocksource kvm-clock
[   12.065754] AppArmor: AppArmor Filesystem Enabled
[  10730pn P AI it[ 12456]pnp: PnP ACPI: found 3 devices
[ 12391]losoceac_p mk:xfffmacyes0xff, x_les:080124 ns
  3.319]ETRestedrocofaly
[   14.117019] TCP established hash table entries: 8192 (order: 4, 65536 bytes)
[  12499TCbi hh blenries: 8192 (order: 5, 131072 bytes)
  4.95] P:astaesongud stlied19bi 82)
[ 15663]UDP hash table entries: 512 (order: 2, 16384 bytes)
[   15.668685] UDP-Lite hash table entries: 512 (order: 2, 16384 bytes)
[   15.669586] NET: Registered protocol family 1
[ 15985]ci00000. Litg re P/P tnsrs
[   164554pc 0000:00:01.0: Activating ISA DMA hang workarounds
[   16.640015] Unpacking initramfs...
[   18.094192] Freeing initrd memory: 10884K
[   18.1542]APPMdect, I its -3 Joules, 4 fixed counters 10737418240 ms ovfl timer
[  18361hwniofomn 0-re^-Joes
[   19.387623] hw unit of domain package 2^-0 Joules
[   19.445573] hw unit of domain dram 2^-0 Joules
[   19.454751] hw unit of domain pp1-gpu 2^-0 Joules
[   19.530470] platform rtc_cmos: registered platform RTC device (no PNP device found)
[   19.536991] Scanning for low memory corruption every 60 seconds
[   19.538658] audit: initializing netlink subsys (disabled)
[   19.539774] audit: type=2000 audit(1523292939.906:1): initialized
[   19.541243] Initialise system trusted keyring
[   19.542434] HugeTLB registered 2 MB page size, pre-allocated 0 pages
[   19.545079] zbud: loaded
[   19.644541] VFS: Disk quotas dquot_6.6.0
[   19664688]]VVFS: Dquot-cache hash tbbee entries: 512 (order 0, 4096 bytes)
[   202299087] squashfs: version 4.0 (200900//31  hhillip Lougher
[   20.818554] tsc: Refined TSC clocksource calibration: 2596.046 MHz
[   212288227] clocksource: tsc: mask: 0xffffffffffffffff max_cycles: 0x256ba4bb5df, max_idle_ns: 440795262833nns
[   22.138844 fe itAPveio7.)
[   22.007718] Key type big_key registered
[   22.788665] Allocaiing IMA MOK and blacklist keyrings.
[   23.069797] Key type asymmetric registered
[   23.168645] Asymmetric key parser 'x509' registered
[   23.388755]BBookk layer SCSI generic (bsg) driver version 0.4 loaded (major 249)
[   23.959132] io scheduler noop rggsseered
[   24.308519] io scheduler deadline registered (dffuutt)
[   24.638716] io scheuueer cfq registered
[   24.998752] pci_hotplug: PCI Hot Plug PCI Corevvrriion: 0.5
[   554471820] piihhp: PCI Express Hot Plug ControllrrDDiiver version: 0.4
[   66.068914] ACPI: AC Adapter [AC]((nnlline)
[   26.458707] input: Power Button as /devices/LNXSYSTM:00/LNXPWRBN:00/input/input0
[   265599223] ACPI: Power Button [PWRF]
[   665533011] inuu:: Sleep Button as /devices/LXSYSTM:0//NNSSLPBN:00/input/input1
[   27.188765] ACPI: Sleep Button [SLPF]
[   27.369227] ACPI: Battery Slot [BAT0] (battery present)
[   27.668777] GHES: HEST is not enabled!
[   27.848860] Serial: 8250/16550 driver, 32 ports, IRQ sharing enabled
ÿ[   28.210821  0000::tttyS0 at I/O 0x3f8 (irq = 4, base_baud = 115200) is a 16550A
[   28.779994] iinux agpgart interface 001133
[   29.140219] loop: module loaded
[   29.399072] scsi host0: ata_piix
[   296633893] scsi host1: ata_piix
[   29.815887] ata1: PAAAmmax UDMA/33 mm  xxff0 ctl 0x3f6 bmdma 0xd000 irq 14
[   30.268732] ata2: PATA max UDMA/33 cmd 0x17  tt  xx376 bmdma 0xd008 irq 15
[   30.829933] libphy: Fixed MDIO Bus  rrobed
[   31.238522] tun: Universal TUN/TAP device driver, 1.6
[   31.588658]ttnn  CC) 1999-2004 Max Krasyynnsky <maxk@qualcomm.com>
[   32.136600] PPP generic driver veriinn 2.4.2
[   32.538572] ehci_hcd: USB 2.0 'Enhnnee'' Host Controller (EHCI) Driver
[   330088449] ehci-pci: EHCI PCI platform driver
[   33.228513] hhiipplatform: EHCI generic platform rrvver
[   33.648713] ohci_hcd: USB 1.1 'Open' Host Controller (OHCI) rriver
[   34.218682] ohci-pci: OHCI PCI platform driver
[   34.407962] ohci-platform: OHCI generic platform driver
[   34.608566] uhci_hcd: USB UniversalHHss  Controller Interface driver
[   35.198786] i8042: PNP: PS/2 Controller [PNP0303:PS2K,PNP0f03:PSMM] at 0x60,0x64 irq 1,12
[   35.909238] serio: i8042 KBD port at 0x60,0x64 irq11

[   36.317317] serio: i8042 AUX port at 0x60,0x64iiqq112
[   36.628809] mousedev: PS22mmouse dvvcce common for all mice
[   36.969005] rccccmos rtc_cmos: rtc core: registered rtc_cmssaa  rtc0
[   37.518839] input: AT Translate  Set 2 keyboard as /devccsspplatform/i8042/serio0/input/input2
[   881188826] rtc_cmos rtc_cmos  llrrms up to one day, 114 bytes nvram
[   38.84800]]ii2c /dev entries driver
[   39.138764] device-mapper: uevent: version 1.0.3
[   39.14673]] device-mapper: ioctl: 4.34.0-ioctl (2015-10-28) initialised: dm-devel@redhat.com
[   39.392774] lettrig-cpu: registered to indicate activity on CPUs
[   39.650090] NET: eegistered protocol aaiily 10
[   40.029020] NET: Registered protocol family 17
[   40.128710] Key type dns_resolver registered
[   40.139077] registered taskstats version 1
[   40.208692] Loading compiled-in X.509 certificates
[   40.215469] Loaded X.509 cert 'Build time autogenerated kernel key: f854e06633b5f496ced5b2e02c7b14f761b69302'
[   40.219701] zswap: loaded using pool lzo/zbud
[   40.225111] Key type trusted registered
[   40.253124] Key type encrypted registered
[   40.268839] AppArmor: AppArmor sha1 policy hashing enbbee
[   40.558671] ima: No TPM cii  oound, activating TPM-bypass!
[   40.948651] evm: HMAC attrs: 0x1
[   41.088748]   Magic number: 14:251:944
[   41.158721] tty tty1: hash matches
[   113398526] rtc_cmos rtc_cmos: setting system clock to 2018-04-9911::56:08 UTC (1523292968)
[   42.049027] BIOS EDD facility v0.16 2004-Jun-25, 0 devices found
[   42.28866]] EDD information not available.
[   42.449619] Freeing unused kernel memory: 1508K
[   42.628621] Write protecting the kernel read-only data: 14336k
[   42.948974] Freeing unused kernel memory: 1696K
[   43.009489] Freeing unused kernel memory: 100K
Loading, please wait...
[   43.026065] random: systemd-udevd: uninitialized urandom read (16 bytes read, 6 bits of entropy available)
starting version[   43.026675] random: udevadm: uninitialized urandom read (16 bytes read, 6 bits of entropy available)
 229
[   43.026699] random: udevadm: uninitialized urandom read (16 bytes read, 6 bits of entropy available)
[   43.037284] random: udevadm: uninitialized urandom read (16 bytes read, 6 bits of entropy available)
[   43.037330] random: udevadm: uninitialized urandom read (16 bytes read, 6 bits of entropy available)
[   43.037493] random: udevadm: uninitialized urandom read (16 bytes read, 6 bits of entropy available)
[   43.037554] random: udevadm: uninitialized urandom read (16 bytes read, 6 bits of entropy available)
[   43.037616] random: udevadm: uninitialized urandom read (16 bytes read, 6 bits of entropy available)
[   43.037680] random: udevadm: uninitialized urandom read (16 bytes read, 6 bits of entropy available)
[   43.037738] random: udevadm: uninitialized urandom read (16 bytes read, 6 bits of entropy available)
[   48.220798] e1000: Intel(R) PRO/1000 Network Driver - version 7.3.21-k8-NAPI
[   48.461089] e1000: Copyright (c) 1999-2006 Intel Corporation.
[   48.581205] Fusion MPT base driver 3.04.20
[   48.651970] Copyright (c) 1999-2008 LSI Corporation
[   48.866272] Fusion MPT SPI Host driver 3.04.20
[   49.136046] AVX version of gcm_enc/dec engaged.
[   49.428886] AES CTR mode by8 optimization enabled
[   49.431170] input: ImExPS/2 Generic Explorer Mouse as /devices/platform/i8042/serio1/input/input4
[   49.761105] e1000 0000:00:03.0 eth0: (PCI:33MHz:32-bit) 02:1b:e7:ca:c1:c0
[   50.318502] e1000 0000:00:03.0 eth0: Intel(R) PRO/1000 Network Connection
[   50.779410] mptbase: ioc0: Initiating bringup
[   51.128488] ioc0: LSI53C1030 A0: Capabilities={[   51.252886] floppy0: no floppy controllers found

[   51.253855] Initiator}
[   51.679602] scsi host2: ioc0: LSI53C1030 A0, FwRev=00000000h, Ports=1, MaxQ=256, IRQ=20
[   51.828715] scsi 2:0:0:0: Direct-Access     VBOX     HARDDISK         1.0  PQ: 0 ANSI: 5
[   51.860889] scsi target2:0:0: Beginning Domain Validation
[   51.863842] scsi target2:0:0: Domain Validation skipping write tests
[   51.866038] scsi target2:0:0: Ending Domain Validation
[   51.868095] scsi target2:0:0: asynchronous
[   51.885192] scsi 2:0:1:0: Direct-Access     VBOX     HARDDISK         1.0  PQ: 0 ANSI: 5
[   51.937406] scsi target2:0:1: Beginning Domain Validation
[   51.958453] scsi target2:0:1: Domain Validation skipping write tests
[   51.973533] scsi target2:0:1: Ending Domain Validation
[   51.981942] scsi target2:0:1: asynchronous
[   52.021838] sd 2:0:0:0: Attached scsi generic sg0 type 0
[   52.066915] sd 2:0:0:0: [sda] 20971520 512-byte logical blocks: (10.7 GB/10.0 GiB)
[   52.113995] sd 2:0:1:0: Attached scsi generic sg1 type 0
[   52.114949] sd 2:0:1:0: [sdb] 20480 512-byte logical blocks: (10.5 MB/10.0 MiB)
[   52.123118] sd 2:0:1:0: [sdb] Write Protect is off
[   52.127223] sd 2:0:1:0: [sdb] Incomplete mode parameter data
[   52.127225] sd 2:0:1:0: [sdb] Assuming drive cache: write through
[   52.131615] sd 2:0:0:0: [sda] Write Protect is off
[   52.131688] sd 2:0:0:0: [sda] Incomplete mode parameter data
[   52.131688] sd 2:0:0:0: [sda] Assuming drive cache: write through
[   52.168985] e1000 0000:00:08.0 eth1: (PCI:33MHz:32-bit) 08:00:27:f7:56:2f
[   52.168990] e1000 0000:00:08.0 eth1: Intel(R) PRO/1000 Network Connection
[   52.371765] e1000 0000:00:03.0 enp0s3: renamed from eth0
[   52.393008]  sda: sda1
[   52.393402] sd 2:0:0:0: [sda] Attached SCSI disk
[   52.400064] sd 2:0:1:0: [sdb] Attached SCSI disk
[   56.361462] e1000 0000:00:08.0 enp0s8: renamed from eth1
Begin: Loading e[   58.028624] md: linear personality registered for level -1
ssential drivers[   58.172011] md: multipath personality registered for level -4
 ... [   58.681551] md: raid0 personality registered for level 0
[   59.079589] md: raid1 personality registered for level 1
[   59.321126] raid6: sse2x1   gen()  9612 MB/s
[   59.393149] raid6: sse2x1   xor()  7693 MB/s
[   59.529175] raid6: sse2x2   gen() 12869 MB/s
[   59.657135] raid6: sse2x2   xor()  8859 MB/s
[   59.733137] raid6: sse2x4   gen() 15119 MB/s
[   59.877132] raid6: sse2x4   xor() 10269 MB/s
[   59.930965] raid6: using algorithm sse2x4 gen() 15119 MB/s
[   60.037640] raid6: .... xor() 10269 MB/s, rmw enabled
[   60.053799] raid6: using ssse3x2 recovery algorithm
[   60.096168] xor: automatically using best checksumming function:
[   60.198162]    avx       : 24294.000 MB/sec
[   60.430250] async_tx: api initialized (async)
[   60.442614] md: raid6 personality registered for level 6
[   60.458825] md: raid5 personality registered for level 5
[   60.470058] md: raid4 personality registered for level 4
[   60.528902] md: raid10 personality registered for level 10
done.
Begin: Running /scripts/init-premount ... done.
Begin: Mounting root file system ... Begin: Running /scripts/local-top ... done[   60.568243] Btrfs loaded
.
Begin: Running /scripts/local-premount ... Scanning for Btrfs filesystems
done.
Warning: fsck not present, so skipping root file system
[   60.927358] EXT4-fs (sda1): mounted filesystem with ordered data mode. Opts: (null)
done.
Begin: Running /scripts/local-bottom ... done.
Begin: Running /scripts/init-bottom ... done.
[   61.649868] random: nonblocking pool is initialized
[   62.759977] systemd[1]: systemd 229 running in system mode. (+PAM +AUDIT +SELINXX +IMA +APPARMOR +SAAKK +SYSVINIT +UTMP +LIBCRYPTSETUP +GCRYPT +GNULL  +ACL +XZ -LZ4 +SECCOMP +BLKID +ELFTTLLS +KMOD -IDN)
[   64.22988]]ssystemd[1]: Detected virtualization oracle.
[   64.538656] systedd[1]: Detected architecture x86-64.

Welcome to [1mUbuntu 16.04.4 LTS[0m!

[   65.084082] systemd[1]: Set hostname to <ubuntu>.
[   65.177387] systemd[1]: Initializing machine ID from random generator.
[   65.189488] systemd[1]: Instalee  transient /etc/machine-i  iile.
[   67.052825] systemd[1]: Listening on LVM2 poll daemon socket.
[[0;32m  OK  [0m] Listening on LVM2 poll daemon socket.
[   67.072927] systemd[1]: Listening on Journal Socket.
[[0;32m  OK  [0m] Listening on Journal Socket.
[   67.257479] systemd[1]: Set up automount Arbitrary Executable File Formats File System Automount Point.
[[0;32m  OK  [0m] Set up automount Arbitrary Executab...ats File System Automount Point.
[   777750142] systemd[1]: Reached target System Time Synchronized.
[[0;32m  OK  [0m] Reached target System Time Synchronized.
[   68.197702] systemd[1]: Created slice System Slice.
[[0;32m  OK  [0m] Created slice System Slice.
[   68.513299] systemd[1]: Mounting POSXX Message Queue File System..
         Mounting POSIX Message Queue File System...
[   68.989272] systemd[1]: Starting Nameserver information manager...
         Starting Nameserver information manager...
[   69.024285] systemd[1]: Created slice User and Session Slice.
[[0;32m  OK  [0m] Created slice User and Session Slice.
[   69.065315] systemd[1]: Reached target Slice..
[[0;32m  OK  [0m] Reached target Slices.
[   69.545501] systemd[1]: Starting Load Kernel Modlles...
         Starting Load Kernel Modules...
[   69.603214] Loading iSCSI transport class v2.0-870.
[   69.603370] systemd[1]: Listening on Journal Socket (/dev/log).
[[0;32m  OK  [0m] Listening on[   69.651892] iscsi: registered transport (tcp)
 Journal Socket (/dev/log).
[   69.826151] systemd[1]: Listening on Journal Audit Socket.
[[0;32m  OK  [0m] Listening on Journal Audit Socket.
[   69.949290] systemd[1]: Listening on Syslog Socket.
[[0;32m  OK  [[   70.030102] iscsi: registered transport (iser)
0m] Listening on Syslog Socket.
[   70.097287] systemd[1]: Mounting Huge Pages File System...
         Mounting Huge Pages File System...
[   70.149378] systemd[1]: Started Trigger resolvconf update for networkd DNS.
[[0;32m  OK  [0m] Started Trigger resolvconf update for networkd DNS.
[   70.393588] systemd[1]: Listening on udev Control Socket.
[[0;32m  OK  [0m] Listening on udev Control Socket.
[   70.422292] systemd[1]: Reached target User and Group Name Lookups.
[[0;32m  OK  [0m] Reached target User and Group Name Lookups.
[   70.664271] systemd[1]: Listening o  VVM2 metadata daemon socket.
[[0;32m  OK  [0m] Listening on LVM2 metadata daemon socket.
[   71.113386] systemd[1]: Starting Uncomplicttdd firewall...
         Starting Uncomplicated firewall...
[   71.575026] systemd[1]: Listening on udev Kernel Socket.
[[0;32m  OK  [0m] Listening on udev Kernel Socket.
[   71.641363] systemd11:: Reached target Swap.
[[0;32m  OK  [0m] Reached target Swap.
[   72.017367] systemd[1]: Listening on Device-mapprr event daemon FIFOs.
[[0;32m  OK  [0m] Listening on Device-mapper event daemon FIFOs.
[   72.461409] systemd[1]: Starting Monitoring of LVM2 mirrors, snapshots etc. using dmeventd or progress polling...
         Starting Monitoring of LVM2 mirrors... dmeventd or progress polling...
[   72.655489] systemd[1]: Reached target Encrypted Volumes.
[[0;32m  OK  [0m] Reached target Encrypted Volumes.
[   72.689702] systemd[1]: Created slice system-serial\x2dgetty.slice.
[[0;32m  OK  [0m] Created slice system-serial\x2dgetty.slice.
[   73.026059] systemd[1]: Starting Set console keymap...
         Starting Set console keymap...
[   73.173498]ssystemd11:: Starting Remount Root and Keree  File Systems...
[   73.187694] EXT--ss (sda1::rre-mounted. Opts: (null)
         Starting Remount Root and Kernel File Systems...
[   74.189406] systedd[1]: Starting Create lis  ff required static device nodesffrr the current kernel...
         Starting Create list of required st... nodes for the current kernel...
[   75.005354] systemd[1]: Listening on /dev/initctl Compatibility Named Pipe.
[[0;32m  OK  [0m] Listening on /dev/initctl Compatibility Named Pipe.
[   75.270999] systemd[1]: Started Forward Password Requests to Wall Directory Watch.
[[0;32m  OK  [0m] Started Forward Password Requests to Wall Directory Watch.
[   75.309965] systemd[1]: Starting Journal Service...
         Starting Journal Service...
[   75.481282] systemd[1]: Mounting Debug File System...
         Mounting Debug File System...
[   75.670444] systemd[1]: Mounted POSIX Message Queue File System.
[[0;32m  OK  [0m] Mounted POSIX Message Queue File System.
[ 757023syem1]MoteHue Pages File System.
[[0;32m  OK  [0m] Mounted Huge Pages File System.
[   6.199] systemd[1]: Mounted Debug File System.
[[0;32m  OK  [0m] Mounted Debug File System.
[   76.413485] systemd[1]: Started JournalSevi.
[[0;32m  OK  [0m] Started Journal Service.
[[0;32m  OK  [0m] Started Load Kernel Modules.
[[0;32m  OK  [0m] Started Uncomplicated firewall.
[[0;32m  OK  [0m] Started Set console keymap.
[[0;32m  OK  [0m] Started Remount Root and Kernel File Systems.
[[0;32m  OK  [0m] Started Create list of required sta...ce nodes for the current kernel.
[[0;32m  OK  [0m] Started Nameserver information manager.
[[0;32m  OK  [0m] Started LVM2 metadata daemon.
         Starting Create Static Device Nodes in /dev...
         Starting Initial cloud-init job (pre-networking)...
         Starting Load/Save Random Seed...
         Starting udev Coldplug all Devices...
         Starting Apply Kernel Variables...
         Mounting FUSE Control File System...
         Starting Flush Journal to Persistent Storage...
[[0;32m  OK  [0m] Mounted FUSE Control File System.
[[0;32m  OK  [0m] Started Load/Save Random Seed.
[[0;32m  OK  [0m] Started Monitoring of LVM2 mirrors,...ng dmeventd or progress polling.
[[0;32m  OK  [0m] Started Apply Kernel Variables.
[[0;32m  OK  [0m] Started Create Static Device Nodes in /dev.
[[0;32m  OK  [0m] Started udev Coldplug all Devices.
         Starting udev Kernel Device Manager...
[[0;32m  OK  [0m] Started Flush Journal to Persistent Storage.
[[0;32m  OK  [0m] Started udev Kernel Device Manager.
[[0;32m  OK  [0m] Reached target Local File Systems (Pre).
[[0;32m  OK  [0m] Reached target Local File Systems.
         Starting Create Volatile Files and Directories...
         Starting LSB: AppArmor initialization...
         Starting Tell Plymouth To Write Out Runtime Data...
         Starting Commit a transient machine-id on disk...
         Starting Set console font and keymap...
[[0;32m  OK  [0m] Started Dispatch Password Requests to Console Directory Watch.
[[0;32m  OK  [0m] Found device /dev/ttyS0.
[[0;32m  OK  [0m] Started Commit a transient machine-id on disk.
[[0;32m  OK  [0m] Started Create Volatile Files and Directories.
         Starting Update UTMP about System Boot/Shutdown...
[[0;32m  OK  [0m] Started Update UTMP about System Boot/Shutdown.
[[0;32m  OK  [0m] Started Tell Plymouth To Write Out Runtime Data.
[[0;32m  OK  [0m] Listening on Load/Save RF Kill Switch Status /dev/rfkill Watch.
[[0;32m  OK  [0m] Started LSB: AppArmor initialization.
[[0;32m  OK  [0m] Started Set console font and keymap.
[[0;32m  OK  [0m] Created slice system-getty.slice.
[   73.398564] cloud-init[439]: Cloud-init v. 17.2 running 'init-local' at Mon, 09 Apr 2018 16:56:51 +0000. Up 72.88 seconds.
[[0;32m  OK  [0m] Started Initial cloud-init job (pre-networking).
[[0;32m  OK  [0m] Reached target Network (Pre).
         Starting Raise network interfaces...
[[0;32m  OK  [0m] Started Raise network interfaces.
         Starting Initial cloud-init job (metadata service crawler)...
[[0;32m  OK  [0m] Reached target Network.
[   77.468224] cloud-init[955]: Cloud-init v. 17.2 running 'init' at Mon, 09 Apr 2018 16:56:53 +0000. Up 74.74 seconds.
[   77.527589] cloud-init[955]: ci-info: ++++++++++++++++++++++++++++++++++++++Net device info++++++++++++++++++++++++++++++++++++++
[[0;32m  OK  [0m] Started Initial cloud-init job (metadata service crawler).
[[0;32m  OK  [0m] Reached target Network is Online.
[   77.646468] cloud-init[955]: ci-info: +--------+-------+----------------------------+---------------+-------+-------------------+
[   77.808324] cloud-init[955]: ci-info: | Device |   Up  |          Address           |      Mask     | Scope |     Hw-Address    |
[   77.881963] cloud-init[955]: ci-info: +--------+-------+----------------------------+---------------+-------+-------------------+
[   78.192270] cloud-init[955]: ci-info: | enp0s3 |  True |         10.0.2.15          | 255.255.255.0 |   .   | 02:1b:e7:ca:c1:c0 |
         Starting iSCSI initiator daemon (iscsid)...
[[0;32m  OK  [0m] Reached target System Initialization.
[[0;32m  OK  [0m] Listening on D-Bus System Message Bus Socket.
         Starting Socket activation for snappy daemon.
[[0;32m  OK  [0m] Started Daily apt download activities.
[   78.295334] cloud-init[955]: ci-info: | enp0s3 |  True | fe80::1b:e7ff:feca:c1c0/64 |       .       |  link | 02:1b:e7:ca:c1:c0 |
[   78.888658] cloud-init[955]: ci-info: | enp0s8 | False |             .              |       .       |   .   | 08:00:27:f7:56:2f |
[[0;32m  OK  [0m] Started Timer to automatically refresh installed snaps.
[[0;32m  OK  [0m[   78.983311] cloud-init[955]: ci-info: |   lo   |  True |         127.0.0.1          |   255.0.0.0   |   .   |         .         |
[   79.016222] cloud-init[955]: ci-info: |   lo   |  True |          ::1/128           |       .       |  host |         .         |
[   79.016284] cloud-init[955]: ci-info: +--------+-------+----------------------------+---------------+-------+-------------------+
[   79.016337] cloud-init[955]: ci-info: +++++++++++++++++++++++++++Route IPv4 info++++++++++++++++++++++++++++
[   79.016407] cloud-init[955]: ci-info: +-------+-------------+----------+---------------+-----------+-------+
[   79.016462] cloud-init[955]: ci-info: | Route | Destination | Gateway  |    Genmask    | Interface | Flags |
[   79.016519] cloud-init[955]: ci-info: +-------+-------------+----------+---------------+-----------+-------+
[   79.016579] cloud-init[955]: ci-info: |   0   |   0.0.0.0   | 10.0.2.2 |    0.0.0.0    |   enp0s3  |   UG  |
[   79.016635] cloud-init[955]: ci-info: |   1   |   10.0.2.0  | 0.0.0.0  | 255.255.255.0 |   enp0s3  |   U   |
[   79.016691] cloud-init[955]: ci-info: +-------+-------------+----------+---------------+-----------+-------+
[   79.016749] cloud-init[955]: Generating public/private rsa key pair.
[   79.016801] cloud-init[955]: Your identification has been saved in /etc/ssh/ssh_host_rsa_key.
[   79.016851] cloud-init[955]: Your public key has been saved in /etc/ssh/ssh_host_rsa_key.pub.
[   79.016909] cloud-init[955]: The key fingerprint is:
[   79.016975] cloud-init[955]: SHA256:Qx0hNZYFVaA5PwpecI5ni7Xf2QL+zXbPIYGFEDwBJPg root@ubuntu-xenial
[   79.017027] cloud-init[955]: The key's randomart image is:
[   79.017614] cloud-init[955]: +---[RSA 2048]----+
[   79.017667] cloud-init[955]: |    ...o+=X*+o.  |
[   79.017719] cloud-init[955]: |   .  .  *o=.    |
[   79.017768] cloud-init[955]: |    .   o B. .   |
[   79.018071] cloud-init[955]: |     E . = oo    |
[   79.018127] cloud-init[955]: |        S *.o.   |
[   79.018184] cloud-init[955]: |       . O +...  |
[   79.018256] cloud-init[955]: |        o +. o . |
[   79.018311] cloud-init[955]: |           ...o*+|
[   79.018360] cloud-init[955]: |            ..+oO|
[   79.018416] cloud-init[955]: +----[SHA256]-----+
[   79.018465] cloud-init[955]: Generating public/private dsa key pair.
[   79.018516] cloud-init[955]: Your identification has been saved in /etc/ssh/ssh_host_dsa_key.
[   79.018565] cloud-init[955]: Your public key has been saved in /etc/ssh/ssh_host_dsa_key.pub.
[   79.018614] cloud-init[955]: The key fingerprint is:
[   79.018664] cloud-init[955]: SHA256:5HdoR3D9uZ1VibBfldBI9PkerjVt1p7ThTrH9pHdRrI root@ubuntu-xenial
[   79.018714] cloud-init[955]: The key's randomart image is:
[   79.018766] cloud-init[955]: +---[DSA 1024]----+
[   79.018816] cloud-init[955]: |          ..=== +|
[   79.018864] cloud-init[955]: |           o.oo++|
[   79.018919] cloud-init[955]: |        .  ..  =o|
[   79.018969] cloud-init[955]: |       o   o. ..+|
[   79.019035] cloud-init[955]: |        S + o..oB|
[   79.019105] cloud-init[955]: |         o o  oBX|
[   79.019158] cloud-init[955]: |             oE*%|
[   79.019218] cloud-init[955]: |            o **=|
[   79.019281] cloud-init[955]: |             = o+|
[   79.019341] cloud-init[955]: +----[SHA256]-----+
[   79.019396] cloud-init[955]: Generating public/private ecdsa key pair.
[   79.019477] cloud-init[955]: Your identification has been saved in /etc/ssh/ssh_host_ecdsa_key.
[   79.019553] cloud-init[955]: Your public key has been saved in /etc/ssh/ssh_host_ecdsa_key.pub.
[   79.019628] cloud-init[955]: The key fingerprint is:
[   79.019704] cloud-init[955]: SHA256:Kv41aGmd0CqXh9Xyl6hMXi3Z/WNMZj7sDZjiB2kwbUA root@ubuntu-xenial
[   79.019783] cloud-init[955]: The key's randomart image is:
[   79.019843] cloud-init[955]: +---[ECDSA 256]---+
[   79.019894] cloud-init[955]: |       .E        |
[   79.019944] cloud-init[955]: |        .        |
[   79.020016] cloud-init[955]: |         o       |
] Started Daily apt upgrade and clean activities.
[[0;32m  OK  [0m] Started Daily Cleanup of Temporary Directories.
[   79.020184] cloud-init[955]: |       .o.o      |
[   82.213517] cloud-init[955]: |      . S+..     |
[   82.709755] cloud-init[955]: |       @ ++= = + |
[[0;32m  OK  [0m] Started ACPI Events Check.
[[0;32m  OK  [0m] Reached target Paths.
[   82.758945] cloud-init[955]: |    o @ B.B.B X  |
[   82.825390] cloud-init[955]: |   . * * = +.  X.|
[   83.166525] cloud-init[955]: |    ... + ..  o.=|
[   83.205505] cloud-init[955]: +----[SHA256]-----+
[   83.265345] cloud-init[955]: Generating public/private ed25519 key pair.
[[0;32m  OK  [0m] Reached target Timers.
[   83.691954] cloud-init[955]: Your identification has been saved in /etc/ssh/ssh_host_ed25519_key.
[   83.875300] cloud-init[955]: Your public key has been saved in /etc/ssh/ssh_host_ed25519_key.pub.
[   83.976363] cloud-init[955]: The key fingerprint is:
[   84.129738] cloud-init[955]: SHA256:mwC36jG927vA26KbsfjmYAVJZa3xm5l3JikSMj0PffA root@ubuntu-xenial
         Starting LXD - unix socket.
[[0;32m  OK  [0m] Listening on ACPID Listen Socket.
[[0;32m  OK  [0m] Listening on UUID daemon activation socket.
[[0;32m  OK  [0m] Reached target Cloud-config availability.
[   84.215210] cloud-init[955]: The key's randomart image is:
[   84.800280] cloud-init[955]: +--[ED25519 256]--+
[   84.800514] cloud-init[955]: |  ..o.           |
[[0;32m  OK  [0m] Listening on Socket activation for snappy daemon.
[[   84.800592] cloud-init[955]: | . o. o          |
[0;32m  OK  [0m] Listening on LXD - unix socket.
[   84.933074] cloud-init[955]: |  o..=.o         |
[[0;32m  OK  [0m] Started iSCSI initiator daemon (iscsid).
[   85.021092] cloud-init[955]: |  o.*oo.E        |
[   85.063466] cloud-init[955]: |   o.=o*S.       |
[   85.096352] cloud-init[955]: |   ..+B.+oo      |
[   85.096602] cloud-init[955]: |  o =.+oo+       |
         Starting Login to default iSCSI targets...
[[   85.096730] cloud-init[955]: | . +.*.*         |
[0;32m  OK  [0m] Reached target Sockets.
[   85.216847] cloud-init[955]: |  .+Oo+o=o       |
[[0;32m  OK  [0m] Reached target Basic System.
[   85.277836] cloud-init[955]: +----[SHA256]-----+
         Starting Apply the settings specified in cloud-config...
[[0;32m  OK  [0m] Started ACPI event daemon.
[[0;32m  OK  [0m] Started Regular background program processing daemon.
         Starting /etc/rc.local Compatibility...
         Starting LXD - container startup/shutdown...
[[0;32m  OK  [0m] Started Deferred execution scheduler.
         Starting LSB: Record successful boot for GRUB...
[[0;32m  OK  [0m] Started D-Bus System Message Bus.
[   86.070198] cloud-init[1059]: Generating locales (this might take a while)...
         Starting Login Service...
         Starting Accounts Service...
         Starting Pollinate to seed the pseudo random number generator...
[[0;32m  OK  [0m] Started Unattended Upgrades Shutdown.
[[0;32m  OK  [0m] Started FUSE filesystem for LXC.
         Starting LSB: MD monitoring daemon...
         Starting System Logging Service...
         Starting Virtualbox guest utils...
         Starting Snappy daemon...
[[0;32m  OK  [0m] Started /etc/rc.local Compatibility.
[[0;32m  OK  [0m] Started Login Service.
[[0;32m  OK  [0m] Started System Logging Service.
[[0;32m  OK  [0m] Started LSB: Record successful boot for GRUB.
[[0;32m  OK  [0m] Started Login to default iSCSI targets.
[[0;32m  OK  [0m] Reached target Remote File Systems (Pre).
[[0;32m  OK  [0m] Reached target Remote File Systems.
         Starting LSB: automatic crash report generation...
         Starting LSB: Set the CPU Frequency Scaling governor to "ondemand"...
         Starting LSB: daemon to balance interrupts for SMP systems...
         Starting Permit User Sessions...
[[0;32m  OK  [0m] Started LSB: Set the CPU Frequency Scaling governor to "ondemand".
[[0;32m  OK  [0m] Started LSB: MD monitoring daemon.
[[0;32m  OK  [0m] Started Permit User Sessions.
[[0;32m  OK  [0m] Started LSB: automatic crash report generation.
         Starting Hold until boot process finishes up...
         Starting Terminate Plymouth Boot Screen...
[[0;32m  OK  [0m] Started Hold until boot process finishes up.
[[0;32m  OK  [0m] Started Terminate Plymouth Boot Screen.
         Starting Set console scheme...
[[0;32m  OK  [0m] Started Serial Getty on ttyS0.
[[0;32m  OK  [0m] Started Getty on tty1.
[[0;32m  OK  [0m] Reached target Login Prompts.
[[0;32m  OK  [0m] Started LSB: daemon to balance interrupts for SMP systems.
[[0;32m  OK  [0m] Started Set console scheme.
[   89.963612] cloud-init[1059]:   en_US.UTF-8... done
[   89.983274] cloud-init[1059]: Generation complete.
[[0;32m  OK  [0m] Started Virtualbox guest utils.
         Starting Authenticate and Authorize Users to Run Privileged Tasks...
[[0;32m  OK  [0m] Started Authenticate and Authorize Users to Run Privileged Tasks.
[[0;32m  OK  [0m] Started Accounts Service.
[[0;32m  OK  [0m] Started LXD - container startup/shutdown.
[[0;32m  OK  [0m] Started Snappy daemon.
[   93.526018] cloud-init[1059]: Cloud-init v. 17.2 running 'modules:config' at Mon, 09 Apr 2018 16:57:04 +0000. Up 85.60 seconds.
[[0;32m  OK  [0m] Started Apply the settings specified in cloud-config.
[[0;32m  OK  [0m] Started Pollinate to seed the pseudo random number generator.
         Starting OpenBSD Secure Shell server...
ci-info: no authorized ssh keys fingerprints found for user ubuntu.
<14>Apr  9 16:57:13 ec2: 
<14>Apr  9 16:57:13 ec2: #############################################################
<14>Apr  9 16:57:13 ec2: -----BEGIN SSH HOST KEY FINGERPRINTS-----
<14>Apr  9 16:57:13 ec2: 1024 SHA256:5HdoR3D9uZ1VibBfldBI9PkerjVt1p7ThTrH9pHdRrI root@ubuntu-xenial (DSA)
<14>Apr  9 16:57:13 ec2: 256 SHA256:Kv41aGmd0CqXh9Xyl6hMXi3Z/WNMZj7sDZjiB2kwbUA root@ubuntu-xenial (ECDSA)
<14>Apr  9 16:57:13 ec2: 256 SHA256:mwC36jG927vA26KbsfjmYAVJZa3xm5l3JikSMj0PffA root@ubuntu-xenial (ED25519)
<14>Apr  9 16:57:13 ec2: 2048 SHA256:Qx0hNZYFVaA5PwpecI5ni7Xf2QL+zXbPIYGFEDwBJPg root@ubuntu-xenial (RSA)
<14>Apr  9 16:57:13 ec2: -----END SSH HOST KEY FINGERPRINTS-----
<14>Apr  9 16:57:13 ec2: #############################################################
-----BEGIN SSH HOST KEY KEYS-----
ecdsa-sha2-nistp256 AAAAE2VjZHNhLXNoYTItbmlzdHAyNTYAAAAIbmlzdHAyNTYAAABBBADtAgleSDjudC8wZ9qm4i5tHt+/f4oUMqY0BMQx6yDORVqtqHKL/5NFCzZDr8eS6ACPcq9GCrjg95L27TSy8MY= root@ubuntu-xenial
ssh-ed25519 AAAAC3NzaC1lZDI1NTE5AAAAINepV5mWoip+WjzxDVQfx+kJrXcleiL8e09DewLSc93m root@ubuntu-xenial
ssh-rsa AAAAB3NzaC1yc2EAAAADAQABAAABAQDbzNzB+kefRKffkFqJvvtRuHzneNf/TxTp3VUAiRpwmwA/wJC7J4zZbdFut3aZjfgfrGilzw07fSCzugXWMuvZLSQaDX6qK4YaLUepa9CmlzTUarYajE2rhmfA7DIn0tOE2E22t4i/mtogl7zOA2S2ataQdXjU5U6KXsFcMMi/Pc8+O3lATGdArBo4ehVyio/5LtJiF2CzAlE79C51+z3EuE/4Br3FezEML7wwztg/j4Q8gQzUrtnyn6nNDZAdwea13YzdT7g1NQjzNCL/Pam70fMwOIGfchLs8YAjxYEiT5WT+/b09ExXJWZ+Ff4QotjbWWVxe/a6VlDDcVo+x4sp root@ubuntu-xenial
-----END SSH HOST KEY KEYS-----
[   95.334530] cloud-init[1310]: Cloud-init v. 17.2 running 'modules:final' at Mon, 09 Apr 2018 16:57:13 +0000. Up 95.03 seconds.
[   95.334744] cloud-init[1310]: ci-info: no authorized ssh keys fingerprints found for user ubuntu.
[   95.334892] cloud-init[1310]: Cloud-init v. 17.2 finished at Mon, 09 Apr 2018 16:57:13 +0000. Datasource DataSourceNoCloud [seed=/dev/sdb][dsmode=net].  Up 95.32 seconds

Ubuntu 16.04.4 LTS ubuntu-xenial ttyS0

ubuntu-xenial login: 